\BOOKMARK [0][-]{abstract.0}{\376\377\116\055\145\207\144\130\211\201}{}% 1
\BOOKMARK [0][-]{abstract-en.0}{\376\377\000A\000B\000S\000T\000R\000A\000C\000T}{}% 2
\BOOKMARK [0][-]{toc.0}{\376\377\166\356\137\125}{}% 3
\BOOKMARK [0][-]{lof.0}{\376\377\143\322\126\376\166\356\137\125}{}% 4
\BOOKMARK [0][-]{lot.0}{\376\377\210\150\150\074\166\356\137\125}{}% 5
\BOOKMARK [0][-]{chapter.1}{\376\377\173\054\116\000\172\340\000\040\137\025\212\000}{}% 6
\BOOKMARK [1][-]{section.1.1}{\376\377\0001\000.\0001\000\040\170\024\172\166\200\314\146\157\123\312\141\017\116\111}{chapter.1}% 7
\BOOKMARK [1][-]{section.1.2}{\376\377\0001\000.\0002\000\040\126\375\121\205\131\026\170\024\172\166\163\260\162\266}{chapter.1}% 8
\BOOKMARK [1][-]{section.1.3}{\376\377\0001\000.\0003\000\040\145\207\212\000\145\207\177\373\213\321\166\204\226\276\160\271}{chapter.1}% 9
\BOOKMARK [1][-]{section.1.4}{\376\377\0001\000.\0004\000\040\170\024\172\166\121\205\133\271\116\016\116\073\211\201\135\345\117\134}{chapter.1}% 10
\BOOKMARK [1][-]{section.1.5}{\376\377\0001\000.\0005\000\040\213\272\145\207\176\304\176\307\176\323\147\204}{chapter.1}% 11
\BOOKMARK [0][-]{chapter.2}{\376\377\173\054\116\214\172\340\000\040\127\372\147\054\151\202\137\365\124\214\166\370\121\163\135\345\117\134}{}% 12
\BOOKMARK [1][-]{section.2.1}{\376\377\0002\000.\0001\000\040\131\047\213\355\212\000\152\041\127\213\116\313\176\315}{chapter.2}% 13
\BOOKMARK [2][-]{subsection.2.1.1}{\376\377\0002\000.\0001\000.\0001\000\040\131\047\213\355\212\000\152\041\127\213}{section.2.1}% 14
\BOOKMARK [2][-]{subsection.2.1.2}{\376\377\0002\000.\0001\000.\0002\000\040\000T\000r\000a\000n\000s\000f\000o\000r\000m\000e\000r\000s}{section.2.1}% 15
\BOOKMARK [2][-]{subsection.2.1.3}{\376\377\0002\000.\0001\000.\0003\000\040\000T\0005}{section.2.1}% 16
\BOOKMARK [1][-]{section.2.2}{\376\377\0002\000.\0002\000\040\126\375\116\247\137\000\156\220\230\204\213\255\176\303\131\047\213\355\212\000\152\041\127\213}{chapter.2}% 17
\BOOKMARK [2][-]{subsection.2.2.1}{\376\377\0002\000.\0002\000.\0001\000\040\000Q\000w\000e\000n}{section.2.2}% 18
\BOOKMARK [2][-]{subsection.2.2.2}{\376\377\0002\000.\0002\000.\0002\000\040\000C\000h\000a\000t\000G\000L\000M}{section.2.2}% 19
\BOOKMARK [1][-]{section.2.3}{\376\377\0002\000.\0003\000\040\147\054\172\340\134\017\176\323}{chapter.2}% 20
\BOOKMARK [0][-]{chapter.3}{\376\377\173\054\116\011\172\340\000\040\131\047\213\355\212\000\152\041\127\213\137\256\214\003\133\236\232\214}{}% 21
\BOOKMARK [1][-]{section.3.1}{\376\377\0003\000.\0001\000\040\230\171\166\356\211\304\122\022}{chapter.3}% 22
\BOOKMARK [2][-]{subsection.3.1.1}{\376\377\0003\000.\0001\000.\0001\000\040\145\160\143\156\226\306\147\204\136\372}{section.3.1}% 23
\BOOKMARK [2][-]{subsection.3.1.2}{\376\377\0003\000.\0001\000.\0002\000\040\127\372\176\277\152\041\127\213\220\011\142\351}{section.3.1}% 24
\BOOKMARK [2][-]{subsection.3.1.3}{\376\377\0003\000.\0001\000.\0003\000\040\137\256\214\003\145\271\154\325\116\313\176\315\116\016\220\011\142\351}{section.3.1}% 25
\BOOKMARK [2][-]{subsection.3.1.4}{\376\377\0003\000.\0001\000.\0004\000\040\213\304\116\367\143\007\150\007\166\204\220\011\142\351\116\016\116\313\176\315}{section.3.1}% 26
\BOOKMARK [2][-]{subsection.3.1.5}{\376\377\0003\000.\0001\000.\0005\000\040\133\236\232\214\163\257\130\203}{section.3.1}% 27
\BOOKMARK [1][-]{section.3.2}{\376\377\0003\000.\0002\000\040\133\236\232\214\217\307\172\013}{chapter.3}% 28
\BOOKMARK [2][-]{subsection.3.2.1}{\376\377\0003\000.\0002\000.\0001\000\040\121\306\131\007\145\160\143\156}{section.3.2}% 29
\BOOKMARK [2][-]{subsection.3.2.2}{\376\377\0003\000.\0002\000.\0002\000\040\137\256\214\003\201\032\147\054}{section.3.2}% 30
\BOOKMARK [2][-]{subsection.3.2.3}{\376\377\0003\000.\0002\000.\0003\000\040\213\255\176\303\217\307\172\013}{section.3.2}% 31
\BOOKMARK [2][-]{subsection.3.2.4}{\376\377\0003\000.\0002\000.\0004\000\040\232\214\213\301\226\306\210\150\163\260}{section.3.2}% 32
\BOOKMARK [1][-]{section.3.3}{\376\377\0003\000.\0003\000\040\147\054\172\340\134\017\176\323}{chapter.3}% 33
\BOOKMARK [0][-]{chapter.4}{\376\377\173\054\126\333\172\340\000\040\133\236\232\214\176\323\147\234\123\312\122\006\147\220}{}% 34
\BOOKMARK [1][-]{section.4.1}{\376\377\0004\000.\0001\000\040\127\372\176\277\133\371\153\324\152\041\127\213\220\011\142\351}{chapter.4}% 35
\BOOKMARK [2][-]{subsection.4.1.1}{\376\377\0004\000.\0001\000.\0001\000\040\166\176\136\246\177\373\213\321}{section.4.1}% 36
\BOOKMARK [2][-]{subsection.4.1.2}{\376\377\0004\000.\0001\000.\0002\000\040\060\020\226\217\145\340\155\257\060\021\177\373\213\321\152\041\127\213}{section.4.1}% 37
\BOOKMARK [2][-]{subsection.4.1.3}{\376\377\0004\000.\0001\000.\0003\000\040\000m\000e\000n\000g\000z\000i\000-\000t\0005\000-\000b\000a\000s\000e}{section.4.1}% 38
\BOOKMARK [2][-]{subsection.4.1.4}{\376\377\0004\000.\0001\000.\0004\000\040\000Q\000w\000e\000n\0001\000.\0005\000-\0001\000.\0008\000B}{section.4.1}% 39
\BOOKMARK [1][-]{section.4.2}{\376\377\0004\000.\0002\000\040\215\205\123\302\145\160\166\204\220\011\142\351}{chapter.4}% 40
\BOOKMARK [1][-]{section.4.3}{\376\377\0004\000.\0003\000\040\133\371\153\324\133\236\232\214}{chapter.4}% 41
\BOOKMARK [2][-]{subsection.4.3.1}{\376\377\0004\000.\0003\000.\0001\000\040\155\113\213\325\226\306\133\371\153\324\133\236\232\214}{section.4.3}% 42
\BOOKMARK [2][-]{subsection.4.3.2}{\376\377\0004\000.\0003\000.\0002\000\040\116\272\135\345\213\304\122\006\133\371\153\324\133\236\232\214}{section.4.3}% 43
\BOOKMARK [1][-]{section.4.4}{\376\377\0004\000.\0004\000\040\147\054\172\340\134\017\176\323}{chapter.4}% 44
\BOOKMARK [0][-]{chapter.5}{\376\377\173\054\116\224\172\340\000\040\140\073\176\323\116\016\134\125\147\033}{}% 45
\BOOKMARK [0][-]{chapter*.40}{\376\377\201\364\214\042}{}% 46
