This is XeTeX, Version 3.141592653-2.6-0.999997 (TeX Live 2025) (preloaded format=xelatex 2025.3.12)  10 APR 2025 11:22
entering extended mode
 restricted \write18 enabled.
 file:line:error style messages enabled.
 %&-line parsing enabled.
**njuthesis-sample
(./njuthesis-sample.tex
LaTeX2e <2024-11-01> patch level 2
L3 programming layer <2025-01-18>
(./njuthesis.cls
Document Class: njuthesis 2024/11/08 v1.4.2 Thesis template for Nanjing University
(b:/Program Files/texlive/2025/texmf-dist/tex/latex/l3packages/xtemplate/xtemplate.sty
Package: xtemplate 2024-08-16 L3 Experimental prototype document functions
) (b:/Program Files/texlive/2025/texmf-dist/tex/latex/l3packages/l3keys2e/l3keys2e.sty (b:/Program Files/texlive/2025/texmf-dist/tex/latex/l3kernel/expl3.sty
Package: expl3 2025-01-18 L3 programming layer (loader) 
 (b:/Program Files/texlive/2025/texmf-dist/tex/latex/l3backend/l3backend-xetex.def
File: l3backend-xetex.def 2024-05-08 L3 backend support: XeTeX
\g__graphics_track_int=\count192
\l__pdf_internal_box=\box52
\g__pdf_backend_annotation_int=\count193
\g__pdf_backend_link_int=\count194
))
Package: l3keys2e 2024-08-16 LaTeX2e option processing using LaTeX3 keys
)
\l__nju_tmpa_box=\box53
\l__nju_tmpb_box=\box54
\l__nju_tmpc_box=\box55
\l__nju_tmpa_dim=\dimen141
\l__nju_tmpb_dim=\dimen142
\l__nju_tmpa_int=\count195
\l__nju_tmpb_int=\count196
\l__nju_tmp_skip=\skip49
\g__nju_info_type_int=\count197

LaTeX template Info: Declaring template type 'nju' taking 0 argument(s) on
(template)           line 413.

\l__njuelem_bottom_skip=\skip50
\l__njupage_top_skip=\skip51
\l__njupage_bottom_skip=\skip52
 (b:/Program Files/texlive/2025/texmf-dist/tex/latex/ctex/ctexbook.cls (b:/Program Files/texlive/2025/texmf-dist/tex/latex/ctex/config/ctexbackend.cfg
File: ctexbackend.cfg 2022/07/14 v2.5.10 Backend configuration file (CTEX)
)
Document Class: ctexbook 2022/07/14 v2.5.10 Chinese adapter for class book (CTEX)
(b:/Program Files/texlive/2025/texmf-dist/tex/latex/ctex/ctexhook.sty
Package: ctexhook 2022/07/14 v2.5.10 Document and package hooks (CTEX)
) (b:/Program Files/texlive/2025/texmf-dist/tex/latex/ctex/ctexpatch.sty
Package: ctexpatch 2022/07/14 v2.5.10 Patching commands (CTEX)
) (b:/Program Files/texlive/2025/texmf-dist/tex/latex/base/fix-cm.sty
Package: fix-cm 2020/11/24 v1.1t fixes to LaTeX
 (b:/Program Files/texlive/2025/texmf-dist/tex/latex/base/ts1enc.def
File: ts1enc.def 2001/06/05 v3.0e (jk/car/fm) Standard LaTeX file
LaTeX Font Info:    Redeclaring font encoding TS1 on input line 47.
))
\l__ctex_tmp_int=\count198
\l__ctex_tmp_box=\box56
\l__ctex_tmp_dim=\dimen143
\g__ctex_section_depth_int=\count199
\g__ctex_font_size_int=\count266
 (b:/Program Files/texlive/2025/texmf-dist/tex/latex/ctex/config/ctexopts.cfg
File: ctexopts.cfg 2022/07/14 v2.5.10 Option configuration file (CTEX)
) (b:/Program Files/texlive/2025/texmf-dist/tex/latex/base/book.cls
Document Class: book 2024/06/29 v1.4n Standard LaTeX document class
(b:/Program Files/texlive/2025/texmf-dist/tex/latex/base/bk12.clo
File: bk12.clo 2024/06/29 v1.4n Standard LaTeX file (size option)
)
\c@part=\count267
\c@chapter=\count268
\c@section=\count269
\c@subsection=\count270
\c@subsubsection=\count271
\c@paragraph=\count272
\c@subparagraph=\count273
\c@figure=\count274
\c@table=\count275
\abovecaptionskip=\skip53
\belowcaptionskip=\skip54
\bibindent=\dimen144
) (b:/Program Files/texlive/2025/texmf-dist/tex/latex/ctex/engine/ctex-engine-xetex.def
File: ctex-engine-xetex.def 2022/07/14 v2.5.10 XeLaTeX adapter (CTEX)
 (b:/Program Files/texlive/2025/texmf-dist/tex/xelatex/xecjk/xeCJK.sty
Package: xeCJK 2022/08/05 v3.9.1 Typesetting CJK scripts with XeLaTeX
\l__xeCJK_tmp_int=\count276
\l__xeCJK_tmp_box=\box57
\l__xeCJK_tmp_dim=\dimen145
\l__xeCJK_tmp_skip=\skip55
\g__xeCJK_space_factor_int=\count277
\l__xeCJK_begin_int=\count278
\l__xeCJK_end_int=\count279
\c__xeCJK_CJK_class_int=\XeTeXcharclass1
\c__xeCJK_FullLeft_class_int=\XeTeXcharclass2
\c__xeCJK_FullRight_class_int=\XeTeXcharclass3
\c__xeCJK_HalfLeft_class_int=\XeTeXcharclass4
\c__xeCJK_HalfRight_class_int=\XeTeXcharclass5
\c__xeCJK_NormalSpace_class_int=\XeTeXcharclass6
\c__xeCJK_CM_class_int=\XeTeXcharclass7
\c__xeCJK_HangulJamo_class_int=\XeTeXcharclass8
\l__xeCJK_last_skip=\skip56
\c__xeCJK_none_node=\count280
\g__xeCJK_node_int=\count281
\c__xeCJK_CJK_node_dim=\dimen146
\c__xeCJK_CJK-space_node_dim=\dimen147
\c__xeCJK_default_node_dim=\dimen148
\c__xeCJK_CJK-widow_node_dim=\dimen149
\c__xeCJK_normalspace_node_dim=\dimen150
\c__xeCJK_default-space_node_skip=\skip57
\l__xeCJK_ccglue_skip=\skip58
\l__xeCJK_ecglue_skip=\skip59
\l__xeCJK_punct_kern_skip=\skip60
\l__xeCJK_indent_box=\box58
\l__xeCJK_last_penalty_int=\count282
\l__xeCJK_last_bound_dim=\dimen151
\l__xeCJK_last_kern_dim=\dimen152
\l__xeCJK_widow_penalty_int=\count283

LaTeX template Info: Declaring template type 'xeCJK/punctuation' taking 0
(template)           argument(s) on line 2396.

\l__xeCJK_fixed_punct_width_dim=\dimen153
\l__xeCJK_mixed_punct_width_dim=\dimen154
\l__xeCJK_middle_punct_width_dim=\dimen155
\l__xeCJK_fixed_margin_width_dim=\dimen156
\l__xeCJK_mixed_margin_width_dim=\dimen157
\l__xeCJK_middle_margin_width_dim=\dimen158
\l__xeCJK_bound_punct_width_dim=\dimen159
\l__xeCJK_bound_margin_width_dim=\dimen160
\l__xeCJK_margin_minimum_dim=\dimen161
\l__xeCJK_kerning_total_width_dim=\dimen162
\l__xeCJK_same_align_margin_dim=\dimen163
\l__xeCJK_different_align_margin_dim=\dimen164
\l__xeCJK_kerning_margin_width_dim=\dimen165
\l__xeCJK_kerning_margin_minimum_dim=\dimen166
\l__xeCJK_bound_dim=\dimen167
\l__xeCJK_reverse_bound_dim=\dimen168
\l__xeCJK_margin_dim=\dimen169
\l__xeCJK_minimum_bound_dim=\dimen170
\l__xeCJK_kerning_margin_dim=\dimen171
\g__xeCJK_family_int=\count284
\l__xeCJK_fam_int=\count285
\g__xeCJK_fam_allocation_int=\count286
\l__xeCJK_verb_case_int=\count287
\l__xeCJK_verb_exspace_skip=\skip61
 (b:/Program Files/texlive/2025/texmf-dist/tex/latex/fontspec/fontspec.sty (b:/Program Files/texlive/2025/texmf-dist/tex/latex/l3packages/xparse/xparse.sty
Package: xparse 2024-08-16 L3 Experimental document command parser
)
Package: fontspec 2024/05/11 v2.9e Font selection for XeLaTeX and LuaLaTeX
 (b:/Program Files/texlive/2025/texmf-dist/tex/latex/fontspec/fontspec-xetex.sty
Package: fontspec-xetex 2024/05/11 v2.9e Font selection for XeLaTeX and LuaLaTeX
\l__fontspec_script_int=\count288
\l__fontspec_language_int=\count289
\l__fontspec_strnum_int=\count290
\l__fontspec_tmp_int=\count291
\l__fontspec_tmpa_int=\count292
\l__fontspec_tmpb_int=\count293
\l__fontspec_tmpc_int=\count294
\l__fontspec_em_int=\count295
\l__fontspec_emdef_int=\count296
\l__fontspec_strong_int=\count297
\l__fontspec_strongdef_int=\count298
\l__fontspec_tmpa_dim=\dimen172
\l__fontspec_tmpb_dim=\dimen173
\l__fontspec_tmpc_dim=\dimen174
 (b:/Program Files/texlive/2025/texmf-dist/tex/latex/base/fontenc.sty
Package: fontenc 2021/04/29 v2.0v Standard LaTeX package
) (b:/Program Files/texlive/2025/texmf-dist/tex/latex/fontspec/fontspec.cfg))) (b:/Program Files/texlive/2025/texmf-dist/tex/xelatex/xecjk/xeCJK.cfg
File: xeCJK.cfg 2022/08/05 v3.9.1 Configuration file for xeCJK package
))
\ccwd=\dimen175
\l__ctex_ccglue_skip=\skip62
)
\l__ctex_ziju_dim=\dimen176
 (b:/Program Files/texlive/2025/texmf-dist/tex/latex/zhnumber/zhnumber.sty
Package: zhnumber 2022/07/14 v3.0 Typesetting numbers with Chinese glyphs
\l__zhnum_scale_int=\count299
\l__zhnum_tmp_int=\count300
 (b:/Program Files/texlive/2025/texmf-dist/tex/latex/zhnumber/zhnumber-utf8.cfg
File: zhnumber-utf8.cfg 2022/07/14 v3.0 Chinese numerals with UTF8 encoding
))
\l__ctex_heading_skip=\skip63
 (b:/Program Files/texlive/2025/texmf-dist/tex/latex/ctex/scheme/ctex-scheme-chinese-book.def
File: ctex-scheme-chinese-book.def 2022/07/14 v2.5.10 Chinese scheme for book (CTEX)
 (b:/Program Files/texlive/2025/texmf-dist/tex/latex/ctex/config/ctex-name-utf8.cfg
File: ctex-name-utf8.cfg 2022/07/14 v2.5.10 Caption with encoding UTF-8 (CTEX)
)) (b:/Program Files/texlive/2025/texmf-dist/tex/latex/ctex/ctex-cs4size.clo
File: ctex-cs4size.clo 2022/07/14 v2.5.10 cs4size option (CTEX)
)) (b:/Program Files/texlive/2025/texmf-dist/tex/latex/ctex/config/ctex.cfg
File: ctex.cfg 2022/07/14 v2.5.10 Configuration file (CTEX)
) (b:/Program Files/texlive/2025/texmf-dist/tex/latex/enumitem/enumitem.sty
Package: enumitem 2025/02/06 v3.11 Customized lists
\enitkv@toks@=\toks17
\labelindent=\skip64
\enit@outerparindent=\dimen177
\enit@toks=\toks18
\enit@inbox=\box59
\enit@count@id=\count301
\enitdp@description=\count302
) (b:/Program Files/texlive/2025/texmf-dist/tex/latex/footmisc/footmisc.sty
Package: footmisc 2024/12/24 v6.0g a miscellany of footnote facilities
\FN@temptoken=\toks19
\footnotemargin=\dimen178
\@outputbox@depth=\dimen179
 (b:/Program Files/texlive/2025/texmf-dist/tex/latex/bigfoot/perpage.sty
Package: perpage 2014/10/25 2.0 Reset/sort counters per page
\c@abspage=\count303
)
\c@pp@a@footnote=\count304
Package footmisc Info: Declaring symbol style bringhurst on input line 699.
Package footmisc Info: Declaring symbol style chicago on input line 707.
Package footmisc Info: Declaring symbol style wiley on input line 716.
Package footmisc Info: Declaring symbol style lamport-robust on input line 727.
Package footmisc Info: Declaring symbol style lamport* on input line 747.
Package footmisc Info: Declaring symbol style lamport*-robust on input line 768.
) (b:/Program Files/texlive/2025/texmf-dist/tex/latex/unicode-math/unicode-math.sty
Package: unicode-math 2023/08/13 v0.8r Unicode maths in XeLaTeX and LuaLaTeX
 (b:/Program Files/texlive/2025/texmf-dist/tex/latex/unicode-math/unicode-math-xetex.sty
Package: unicode-math-xetex 2023/08/13 v0.8r Unicode maths in XeLaTeX and LuaLaTeX
 (b:/Program Files/texlive/2025/texmf-dist/tex/latex/amsmath/amsmath.sty
Package: amsmath 2024/11/05 v2.17t AMS math features
\@mathmargin=\skip65

For additional information on amsmath, use the `?' option.
(b:/Program Files/texlive/2025/texmf-dist/tex/latex/amsmath/amstext.sty
Package: amstext 2021/08/26 v2.01 AMS text
 (b:/Program Files/texlive/2025/texmf-dist/tex/latex/amsmath/amsgen.sty
File: amsgen.sty 1999/11/30 v2.0 generic functions
\@emptytoks=\toks20
\ex@=\dimen180
)) (b:/Program Files/texlive/2025/texmf-dist/tex/latex/amsmath/amsbsy.sty
Package: amsbsy 1999/11/29 v1.2d Bold Symbols
\pmbraise@=\dimen181
) (b:/Program Files/texlive/2025/texmf-dist/tex/latex/amsmath/amsopn.sty
Package: amsopn 2022/04/08 v2.04 operator names
)
\inf@bad=\count305
LaTeX Info: Redefining \frac on input line 233.
\uproot@=\count306
\leftroot@=\count307
LaTeX Info: Redefining \overline on input line 398.
LaTeX Info: Redefining \colon on input line 409.
\classnum@=\count308
\DOTSCASE@=\count309
LaTeX Info: Redefining \ldots on input line 495.
LaTeX Info: Redefining \dots on input line 498.
LaTeX Info: Redefining \cdots on input line 619.
\Mathstrutbox@=\box60
\strutbox@=\box61
LaTeX Info: Redefining \big on input line 721.
LaTeX Info: Redefining \Big on input line 722.
LaTeX Info: Redefining \bigg on input line 723.
LaTeX Info: Redefining \Bigg on input line 724.
\big@size=\dimen182
LaTeX Font Info:    Redeclaring font encoding OML on input line 742.
LaTeX Font Info:    Redeclaring font encoding OMS on input line 743.
\macc@depth=\count310
LaTeX Info: Redefining \bmod on input line 904.
LaTeX Info: Redefining \pmod on input line 909.
LaTeX Info: Redefining \smash on input line 939.
LaTeX Info: Redefining \relbar on input line 969.
LaTeX Info: Redefining \Relbar on input line 970.
\c@MaxMatrixCols=\count311
\dotsspace@=\muskip17
\c@parentequation=\count312
\dspbrk@lvl=\count313
\tag@help=\toks21
\row@=\count314
\column@=\count315
\maxfields@=\count316
\andhelp@=\toks22
\eqnshift@=\dimen183
\alignsep@=\dimen184
\tagshift@=\dimen185
\tagwidth@=\dimen186
\totwidth@=\dimen187
\lineht@=\dimen188
\@envbody=\toks23
\multlinegap=\skip66
\multlinetaggap=\skip67
\mathdisplay@stack=\toks24
LaTeX Info: Redefining \[ on input line 2953.
LaTeX Info: Redefining \] on input line 2954.
)
\g__um_fam_int=\count317
\g__um_fonts_used_int=\count318
\l__um_primecount_int=\count319
\g__um_primekern_muskip=\muskip18
 (b:/Program Files/texlive/2025/texmf-dist/tex/latex/unicode-math/unicode-math-table.tex))) (b:/Program Files/texlive/2025/texmf-dist/tex/latex/geometry/geometry.sty
Package: geometry 2020/01/02 v5.9 Page Geometry
 (b:/Program Files/texlive/2025/texmf-dist/tex/latex/graphics/keyval.sty
Package: keyval 2022/05/29 v1.15 key=value parser (DPC)
\KV@toks@=\toks25
) (b:/Program Files/texlive/2025/texmf-dist/tex/generic/iftex/ifvtex.sty
Package: ifvtex 2019/10/25 v1.7 ifvtex legacy package. Use iftex instead.
 (b:/Program Files/texlive/2025/texmf-dist/tex/generic/iftex/iftex.sty
Package: iftex 2024/12/12 v1.0g TeX engine tests
))
\Gm@cnth=\count320
\Gm@cntv=\count321
\c@Gm@tempcnt=\count322
\Gm@bindingoffset=\dimen189
\Gm@wd@mp=\dimen190
\Gm@odd@mp=\dimen191
\Gm@even@mp=\dimen192
\Gm@layoutwidth=\dimen193
\Gm@layoutheight=\dimen194
\Gm@layouthoffset=\dimen195
\Gm@layoutvoffset=\dimen196
\Gm@dimlist=\toks26
) (b:/Program Files/texlive/2025/texmf-dist/tex/latex/fancyhdr/fancyhdr.sty
Package: fancyhdr 2025/02/07 v5.2 Extensive control of page headers and footers
\f@nch@headwidth=\skip68
\f@nch@offset@elh=\skip69
\f@nch@offset@erh=\skip70
\f@nch@offset@olh=\skip71
\f@nch@offset@orh=\skip72
\f@nch@offset@elf=\skip73
\f@nch@offset@erf=\skip74
\f@nch@offset@olf=\skip75
\f@nch@offset@orf=\skip76
\f@nch@height=\skip77
\f@nch@footalignment=\skip78
\f@nch@widthL=\skip79
\f@nch@widthC=\skip80
\f@nch@widthR=\skip81
\@temptokenb=\toks27
) (b:/Program Files/texlive/2025/texmf-dist/tex/latex/setspace/setspace.sty
Package: setspace 2022/12/04 v6.7b set line spacing
) (b:/Program Files/texlive/2025/texmf-dist/tex/latex/booktabs/booktabs.sty
Package: booktabs 2020/01/12 v1.61803398 Publication quality tables
\heavyrulewidth=\dimen197
\lightrulewidth=\dimen198
\cmidrulewidth=\dimen199
\belowrulesep=\dimen256
\belowbottomsep=\dimen257
\aboverulesep=\dimen258
\abovetopsep=\dimen259
\cmidrulesep=\dimen260
\cmidrulekern=\dimen261
\defaultaddspace=\dimen262
\@cmidla=\count323
\@cmidlb=\count324
\@aboverulesep=\dimen263
\@belowrulesep=\dimen264
\@thisruleclass=\count325
\@lastruleclass=\count326
\@thisrulewidth=\dimen265
) (b:/Program Files/texlive/2025/texmf-dist/tex/latex/caption/caption.sty
Package: caption 2023/08/05 v3.6o Customizing captions (AR)
 (b:/Program Files/texlive/2025/texmf-dist/tex/latex/caption/caption3.sty
Package: caption3 2023/07/31 v2.4d caption3 kernel (AR)
\caption@tempdima=\dimen266
\captionmargin=\dimen267
\caption@leftmargin=\dimen268
\caption@rightmargin=\dimen269
\caption@width=\dimen270
\caption@indent=\dimen271
\caption@parindent=\dimen272
\caption@hangindent=\dimen273
Package caption Info: Standard document class detected.
)
\c@caption@flags=\count327
\c@continuedfloat=\count328
) (b:/Program Files/texlive/2025/texmf-dist/tex/latex/graphics/graphicx.sty
Package: graphicx 2021/09/16 v1.2d Enhanced LaTeX Graphics (DPC,SPQR)
 (b:/Program Files/texlive/2025/texmf-dist/tex/latex/graphics/graphics.sty
Package: graphics 2024/08/06 v1.4g Standard LaTeX Graphics (DPC,SPQR)
 (b:/Program Files/texlive/2025/texmf-dist/tex/latex/graphics/trig.sty
Package: trig 2023/12/02 v1.11 sin cos tan (DPC)
) (b:/Program Files/texlive/2025/texmf-dist/tex/latex/graphics-cfg/graphics.cfg
File: graphics.cfg 2016/06/04 v1.11 sample graphics configuration
)
Package graphics Info: Driver file: xetex.def on input line 106.
 (b:/Program Files/texlive/2025/texmf-dist/tex/latex/graphics-def/xetex.def
File: xetex.def 2022/09/22 v5.0n Graphics/color driver for xetex
))
\Gin@req@height=\dimen274
\Gin@req@width=\dimen275
) (b:/Program Files/texlive/2025/texmf-dist/tex/latex/ntheorem/ntheorem.sty
Style `ntheorem', Version 1.33 <2011/08/15>
Package: ntheorem 2011/08/15 1.33
(b:/Program Files/texlive/2025/texmf-dist/tex/latex/base/ifthen.sty
Package: ifthen 2024/03/16 v1.1e Standard LaTeX ifthen package (DPC)
)
\theorem@style=\toks28
\theorem@@style=\toks29
\theorembodyfont=\toks30
\theoremnumbering=\toks31
\theorempreskipamount=\skip82
\theorempostskipamount=\skip83
\theoremframepreskipamount=\skip84
\theoremframepostskipamount=\skip85
\theoreminframepreskipamount=\skip86
\theoreminframepostskipamount=\skip87
\theorem@preskip=\toks32
\theorem@postskip=\toks33
\theorem@framepreskip=\toks34
\theorem@framepostskip=\toks35
\theorem@inframepreskip=\toks36
\theorem@inframepostskip=\toks37
\theoremindent=\dimen276
\theorem@indent=\dimen277
\theoremrightindent=\dimen278
\theorem@rightindent=\dimen279
\theoremheaderfont=\toks38
\theoremseparator=\toks39
\theoremprework=\toks40
\theorempostwork=\toks41
\theoremsymbol=\toks42
\qedsymbol=\toks43
\theoremkeyword=\toks44
\qedsymbol=\toks45
\thm@topsep=\skip88
\thm@topsepadd=\skip89
Package ntheorem Info: Option `thmmarks' loaded on input line 1175.
\c@endNonectr=\count329
\c@currNonectr=\count330
\mysavskip=\skip90
Package ntheorem Info: option `amsmath' handling for `thmmarks' loaded on input line 1175.
\thm@amstmpdepth=\dimen280
\tagwidth=\dimen281
) (b:/Program Files/texlive/2025/texmf-dist/tex/latex/hyperref/hyperref.sty
Package: hyperref 2024-11-05 v7.01l Hypertext links for LaTeX
 (b:/Program Files/texlive/2025/texmf-dist/tex/latex/kvsetkeys/kvsetkeys.sty
Package: kvsetkeys 2022-10-05 v1.19 Key value parser (HO)
) (b:/Program Files/texlive/2025/texmf-dist/tex/generic/kvdefinekeys/kvdefinekeys.sty
Package: kvdefinekeys 2019-12-19 v1.6 Define keys (HO)
) (b:/Program Files/texlive/2025/texmf-dist/tex/generic/pdfescape/pdfescape.sty
Package: pdfescape 2019/12/09 v1.15 Implements pdfTeX's escape features (HO)
 (b:/Program Files/texlive/2025/texmf-dist/tex/generic/ltxcmds/ltxcmds.sty
Package: ltxcmds 2023-12-04 v1.26 LaTeX kernel commands for general use (HO)
) (b:/Program Files/texlive/2025/texmf-dist/tex/generic/pdftexcmds/pdftexcmds.sty
Package: pdftexcmds 2020-06-27 v0.33 Utility functions of pdfTeX for LuaTeX (HO)
 (b:/Program Files/texlive/2025/texmf-dist/tex/generic/infwarerr/infwarerr.sty
Package: infwarerr 2019/12/03 v1.5 Providing info/warning/error messages (HO)
)
Package pdftexcmds Info: \pdf@primitive is available.
Package pdftexcmds Info: \pdf@ifprimitive is available.
Package pdftexcmds Info: \pdfdraftmode not found.
)) (b:/Program Files/texlive/2025/texmf-dist/tex/latex/hycolor/hycolor.sty
Package: hycolor 2020-01-27 v1.10 Color options for hyperref/bookmark (HO)
) (b:/Program Files/texlive/2025/texmf-dist/tex/latex/hyperref/nameref.sty
Package: nameref 2023-11-26 v2.56 Cross-referencing by name of section
 (b:/Program Files/texlive/2025/texmf-dist/tex/latex/refcount/refcount.sty
Package: refcount 2019/12/15 v3.6 Data extraction from label references (HO)
) (b:/Program Files/texlive/2025/texmf-dist/tex/generic/gettitlestring/gettitlestring.sty
Package: gettitlestring 2019/12/15 v1.6 Cleanup title references (HO)
 (b:/Program Files/texlive/2025/texmf-dist/tex/latex/kvoptions/kvoptions.sty
Package: kvoptions 2022-06-15 v3.15 Key value format for package options (HO)
))
\c@section@level=\count331
) (b:/Program Files/texlive/2025/texmf-dist/tex/latex/etoolbox/etoolbox.sty
Package: etoolbox 2025/02/11 v2.5l e-TeX tools for LaTeX (JAW)
\etb@tempcnta=\count332
) (b:/Program Files/texlive/2025/texmf-dist/tex/generic/stringenc/stringenc.sty
Package: stringenc 2019/11/29 v1.12 Convert strings between diff. encodings (HO)
)
\@linkdim=\dimen282
\Hy@linkcounter=\count333
\Hy@pagecounter=\count334
 (b:/Program Files/texlive/2025/texmf-dist/tex/latex/hyperref/pd1enc.def
File: pd1enc.def 2024-11-05 v7.01l Hyperref: PDFDocEncoding definition (HO)
) (b:/Program Files/texlive/2025/texmf-dist/tex/generic/intcalc/intcalc.sty
Package: intcalc 2019/12/15 v1.3 Expandable calculations with integers (HO)
)
\Hy@SavedSpaceFactor=\count335
 (b:/Program Files/texlive/2025/texmf-dist/tex/latex/hyperref/puenc.def
File: puenc.def 2024-11-05 v7.01l Hyperref: PDF Unicode definition (HO)
)
Package hyperref Info: Option `unicode' set `true' on input line 4040.
Package hyperref Info: Hyper figures OFF on input line 4157.
Package hyperref Info: Link nesting OFF on input line 4162.
Package hyperref Info: Hyper index ON on input line 4165.
Package hyperref Info: Plain pages OFF on input line 4172.
Package hyperref Info: Backreferencing OFF on input line 4177.
Package hyperref Info: Implicit mode ON; LaTeX internals redefined.
Package hyperref Info: Bookmarks ON on input line 4424.
\c@Hy@tempcnt=\count336
 (b:/Program Files/texlive/2025/texmf-dist/tex/latex/url/url.sty
\Urlmuskip=\muskip19
Package: url 2013/09/16  ver 3.4  Verb mode for urls, etc.
)
LaTeX Info: Redefining \url on input line 4763.
\XeTeXLinkMargin=\dimen283
 (b:/Program Files/texlive/2025/texmf-dist/tex/generic/bitset/bitset.sty
Package: bitset 2019/12/09 v1.3 Handle bit-vector datatype (HO)
 (b:/Program Files/texlive/2025/texmf-dist/tex/generic/bigintcalc/bigintcalc.sty
Package: bigintcalc 2019/12/15 v1.5 Expandable calculations on big integers (HO)
))
\Fld@menulength=\count337
\Field@Width=\dimen284
\Fld@charsize=\dimen285
Package hyperref Info: Hyper figures OFF on input line 6042.
Package hyperref Info: Link nesting OFF on input line 6047.
Package hyperref Info: Hyper index ON on input line 6050.
Package hyperref Info: backreferencing OFF on input line 6057.
Package hyperref Info: Link coloring OFF on input line 6062.
Package hyperref Info: Link coloring with OCG OFF on input line 6067.
Package hyperref Info: PDF/A mode OFF on input line 6072.
 (b:/Program Files/texlive/2025/texmf-dist/tex/latex/base/atbegshi-ltx.sty
Package: atbegshi-ltx 2021/01/10 v1.0c Emulation of the original atbegshi
package with kernel methods
)
\Hy@abspage=\count338
\c@Item=\count339
\c@Hfootnote=\count340
)
Package hyperref Info: Driver (autodetected): hxetex.
 (b:/Program Files/texlive/2025/texmf-dist/tex/latex/hyperref/hxetex.def
File: hxetex.def 2024-11-05 v7.01l Hyperref driver for XeTeX
\pdfm@box=\box62
\c@Hy@AnnotLevel=\count341
\HyField@AnnotCount=\count342
\Fld@listcount=\count343
\c@bookmark@seq@number=\count344
 (b:/Program Files/texlive/2025/texmf-dist/tex/latex/rerunfilecheck/rerunfilecheck.sty
Package: rerunfilecheck 2022-07-10 v1.10 Rerun checks for auxiliary files (HO)
 (b:/Program Files/texlive/2025/texmf-dist/tex/latex/base/atveryend-ltx.sty
Package: atveryend-ltx 2020/08/19 v1.0a Emulation of the original atveryend package
with kernel methods
) (b:/Program Files/texlive/2025/texmf-dist/tex/generic/uniquecounter/uniquecounter.sty
Package: uniquecounter 2019/12/15 v1.4 Provide unlimited unique counter (HO)
)
Package uniquecounter Info: New unique counter `rerunfilecheck' on input line 285.
)
\Hy@SectionHShift=\skip91
) (b:/Program Files/texlive/2025/texmf-dist/tex/latex/cleveref/cleveref.sty
Package: cleveref 2018/03/27 v0.21.4 Intelligent cross-referencing
Package cleveref Info: `hyperref' support loaded on input line 2370.
LaTeX Info: Redefining \cref on input line 2370.
LaTeX Info: Redefining \Cref on input line 2370.
LaTeX Info: Redefining \crefrange on input line 2370.
LaTeX Info: Redefining \Crefrange on input line 2370.
LaTeX Info: Redefining \cpageref on input line 2370.
LaTeX Info: Redefining \Cpageref on input line 2370.
LaTeX Info: Redefining \cpagerefrange on input line 2370.
LaTeX Info: Redefining \Cpagerefrange on input line 2370.
LaTeX Info: Redefining \labelcref on input line 2370.
LaTeX Info: Redefining \labelcpageref on input line 2370.
Package cleveref Info: `ntheorem' support loaded on input line 3055.
Package cleveref Info: always capitalise cross-reference names on input line 7825.
Package cleveref Info: include cross-reference names in hyperlinks on input line 7836.
Package cleveref Info: always capitalise cross-reference names on input line 7852.
Package cleveref Info: include cross-reference names in hyperlinks on input line 7852.
Package cleveref Info: no abbreviation of names on input line 7852.
) (b:/Program Files/texlive/2025/texmf-dist/tex/latex/emptypage/emptypage.sty
Package: emptypage 2010/05/30 v1.2 Suppress page numbers and headings on empty pages
) (b:/Program Files/texlive/2025/texmf-dist/tex/xelatex/xecjk/xeCJKfntef.sty
Package: xeCJKfntef 2022/08/05 v3.9.1 xeCJK font effect
 (b:/Program Files/texlive/2025/texmf-dist/tex/generic/ulem/ulem.sty
\UL@box=\box63
\UL@hyphenbox=\box64
\UL@skip=\skip92
\UL@hook=\toks46
\UL@height=\dimen286
\UL@pe=\count345
\UL@pixel=\dimen287
\ULC@box=\box65
Package: ulem 2019/11/18
\ULdepth=\dimen288
)
\l__xeCJK_space_skip=\skip93
\c__xeCJK_ulem-begin_node_dim=\dimen289
\l__xeCJK_hidden_box=\box66
\l__xeCJK_fntef_box=\box67
\l__xeCJK_under_symbol_box=\box68
\c__xeCJK_filll_skip=\skip94
) (./njuthesis-undergraduate.def
File: njuthesis-undergraduate.def 2024/11/08 v1.4.2 Undergraduate definition file for njuthesis
\l__nju_clabelwd_dim=\dimen290
\l__nju_crulewd_dim=\dimen291
\l__nju_emblemwd_dim=\dimen292
\l__nju_emblemwdi_dim=\dimen293
\l__nju_namewd_dim=\dimen294
\l__nju_rulehti_dim=\dimen295
\l__nju_rulehtii_dim=\dimen296
\l__nju_ruledpi_dim=\dimen297
\l__nju_ruledpii_dim=\dimen298
\l__nju_ruledpiii_dim=\dimen299
\l__nju_hsep_dim=\dimen300
\l__nju_vsep_dim=\dimen301
\l__nju_chapterbefore_dim=\dimen302
\l__nju_chapterafter_dim=\dimen303
\l__nju_fnhang_dim=\dimen304
)

Package fontspec Info: 
(fontspec)             Font family 'TimesNewRoman(0)' created for font 'Times
(fontspec)             New Roman' with options [Ligatures=TeX].
(fontspec)              
(fontspec)              This font family consists of the following NFSS
(fontspec)             series/shapes:
(fontspec)              
(fontspec)             - 'normal' (m/n) with NFSS spec.: <->"Times New
(fontspec)             Roman/OT:script=latn;language=dflt;mapping=tex-text;"
(fontspec)             - 'small caps'  (m/sc) with NFSS spec.: <->"Times New
(fontspec)             Roman/OT:script=latn;language=dflt;+smcp;mapping=tex-text;"
(fontspec)             - 'bold' (b/n) with NFSS spec.: <->"Times New
(fontspec)             Roman/B/OT:script=latn;language=dflt;mapping=tex-text;"
(fontspec)             - 'bold small caps'  (b/sc) with NFSS spec.: <->"Times
(fontspec)             New
(fontspec)             Roman/B/OT:script=latn;language=dflt;+smcp;mapping=tex-text;"
(fontspec)             - 'italic' (m/it) with NFSS spec.: <->"Times New
(fontspec)             Roman/I/OT:script=latn;language=dflt;mapping=tex-text;"
(fontspec)             - 'italic small caps'  (m/scit) with NFSS spec.:
(fontspec)             <->"Times New
(fontspec)             Roman/I/OT:script=latn;language=dflt;+smcp;mapping=tex-text;"
(fontspec)             - 'bold italic' (b/it) with NFSS spec.: <->"Times New
(fontspec)             Roman/BI/OT:script=latn;language=dflt;mapping=tex-text;"
(fontspec)             - 'bold italic small caps'  (b/scit) with NFSS spec.:
(fontspec)             <->"Times New
(fontspec)             Roman/BI/OT:script=latn;language=dflt;+smcp;mapping=tex-text;"


Package fontspec Info: 
(fontspec)             Font family 'TimesNewRoman(1)' created for font 'Times
(fontspec)             New Roman' with options [].
(fontspec)              
(fontspec)              This font family consists of the following NFSS
(fontspec)             series/shapes:
(fontspec)              
(fontspec)             - 'normal' (m/n) with NFSS spec.: <->"Times New
(fontspec)             Roman/OT:script=latn;language=dflt;"
(fontspec)             - 'small caps'  (m/sc) with NFSS spec.: <->"Times New
(fontspec)             Roman/OT:script=latn;language=dflt;+smcp;"
(fontspec)             - 'bold' (b/n) with NFSS spec.: <->"Times New
(fontspec)             Roman/B/OT:script=latn;language=dflt;"
(fontspec)             - 'bold small caps'  (b/sc) with NFSS spec.: <->"Times
(fontspec)             New Roman/B/OT:script=latn;language=dflt;+smcp;"
(fontspec)             - 'italic' (m/it) with NFSS spec.: <->"Times New
(fontspec)             Roman/I/OT:script=latn;language=dflt;"
(fontspec)             - 'italic small caps'  (m/scit) with NFSS spec.:
(fontspec)             <->"Times New
(fontspec)             Roman/I/OT:script=latn;language=dflt;+smcp;"
(fontspec)             - 'bold italic' (b/it) with NFSS spec.: <->"Times New
(fontspec)             Roman/BI/OT:script=latn;language=dflt;"
(fontspec)             - 'bold italic small caps'  (b/scit) with NFSS spec.:
(fontspec)             <->"Times New
(fontspec)             Roman/BI/OT:script=latn;language=dflt;+smcp;"

LaTeX Font Info:    Overwriting math alphabet `\mathrm' in version `normal'
(Font)                  OT1/cmr/m/n --> TU/TimesNewRoman(1)/m/n on input line 1223.
LaTeX Font Info:    Overwriting math alphabet `\mathit' in version `normal'
(Font)                  OT1/cmr/m/it --> TU/TimesNewRoman(1)/m/it on input line 1223.
LaTeX Font Info:    Overwriting math alphabet `\mathbf' in version `normal'
(Font)                  OT1/cmr/bx/n --> TU/TimesNewRoman(1)/b/n on input line 1223.

Package fontspec Info: 
(fontspec)             Font family 'Arial(0)' created for font 'Arial' with
(fontspec)             options [Ligatures=TeX].
(fontspec)              
(fontspec)              This font family consists of the following NFSS
(fontspec)             series/shapes:
(fontspec)              
(fontspec)             - 'normal' (m/n) with NFSS spec.:
(fontspec)             <->"Arial/OT:script=latn;language=dflt;mapping=tex-text;"
(fontspec)             - 'small caps'  (m/sc) with NFSS spec.:
(fontspec)             <->"Arial/OT:script=latn;language=dflt;+smcp;mapping=tex-text;"
(fontspec)             - 'bold' (b/n) with NFSS spec.:
(fontspec)             <->"Arial/B/OT:script=latn;language=dflt;mapping=tex-text;"
(fontspec)             - 'bold small caps'  (b/sc) with NFSS spec.:
(fontspec)             <->"Arial/B/OT:script=latn;language=dflt;+smcp;mapping=tex-text;"
(fontspec)             - 'italic' (m/it) with NFSS spec.:
(fontspec)             <->"Arial/I/OT:script=latn;language=dflt;mapping=tex-text;"
(fontspec)             - 'italic small caps'  (m/scit) with NFSS spec.:
(fontspec)             <->"Arial/I/OT:script=latn;language=dflt;+smcp;mapping=tex-text;"
(fontspec)             - 'bold italic' (b/it) with NFSS spec.:
(fontspec)             <->"Arial/BI/OT:script=latn;language=dflt;mapping=tex-text;"
(fontspec)             - 'bold italic small caps'  (b/scit) with NFSS spec.:
(fontspec)             <->"Arial/BI/OT:script=latn;language=dflt;+smcp;mapping=tex-text;"


Package fontspec Info: 
(fontspec)             Font family 'Arial(1)' created for font 'Arial' with
(fontspec)             options [].
(fontspec)              
(fontspec)              This font family consists of the following NFSS
(fontspec)             series/shapes:
(fontspec)              
(fontspec)             - 'normal' (m/n) with NFSS spec.:
(fontspec)             <->"Arial/OT:script=latn;language=dflt;"
(fontspec)             - 'small caps'  (m/sc) with NFSS spec.:
(fontspec)             <->"Arial/OT:script=latn;language=dflt;+smcp;"
(fontspec)             - 'bold' (b/n) with NFSS spec.:
(fontspec)             <->"Arial/B/OT:script=latn;language=dflt;"
(fontspec)             - 'bold small caps'  (b/sc) with NFSS spec.:
(fontspec)             <->"Arial/B/OT:script=latn;language=dflt;+smcp;"
(fontspec)             - 'italic' (m/it) with NFSS spec.:
(fontspec)             <->"Arial/I/OT:script=latn;language=dflt;"
(fontspec)             - 'italic small caps'  (m/scit) with NFSS spec.:
(fontspec)             <->"Arial/I/OT:script=latn;language=dflt;+smcp;"
(fontspec)             - 'bold italic' (b/it) with NFSS spec.:
(fontspec)             <->"Arial/BI/OT:script=latn;language=dflt;"
(fontspec)             - 'bold italic small caps'  (b/scit) with NFSS spec.:
(fontspec)             <->"Arial/BI/OT:script=latn;language=dflt;+smcp;"

LaTeX Font Info:    Overwriting math alphabet `\mathsf' in version `normal'
(Font)                  OT1/cmss/m/n --> TU/Arial(1)/m/n on input line 1223.
LaTeX Font Info:    Overwriting math alphabet `\mathsf' in version `bold'
(Font)                  OT1/cmss/bx/n --> TU/Arial(1)/b/n on input line 1223.

Package fontspec Info: 
(fontspec)             Courier New scale = 1.057733558623334.


Package fontspec Info: 
(fontspec)             Courier New scale = 1.057733558623334.


Package fontspec Info: 
(fontspec)             Courier New/B scale = 1.008809074804275.


Package fontspec Info: 
(fontspec)             Courier New/I scale = 1.057733558623334.


Package fontspec Info: 
(fontspec)             Courier New/BI scale = 1.008809074804275.


Package fontspec Info: 
(fontspec)             Font family 'CourierNew(0)' created for font 'Courier
(fontspec)             New' with options
(fontspec)             [WordSpace={1,0,0},HyphenChar=None,PunctuationSpace=WordSpace,Scale=MatchLowercase].
(fontspec)              
(fontspec)              This font family consists of the following NFSS
(fontspec)             series/shapes:
(fontspec)              
(fontspec)             - 'normal' (m/n) with NFSS spec.:
(fontspec)             <->s*[1.057733558623334]"Courier
(fontspec)             New/OT:script=latn;language=dflt;"
(fontspec)             - 'bold' (b/n) with NFSS spec.:
(fontspec)             <->s*[1.008809074804275]"Courier
(fontspec)             New/B/OT:script=latn;language=dflt;"
(fontspec)             - 'italic' (m/it) with NFSS spec.:
(fontspec)             <->s*[1.057733558623334]"Courier
(fontspec)             New/I/OT:script=latn;language=dflt;"
(fontspec)             - 'bold italic' (b/it) with NFSS spec.:
(fontspec)             <->s*[1.008809074804275]"Courier
(fontspec)             New/BI/OT:script=latn;language=dflt;"


Package fontspec Info: 
(fontspec)             Courier New scale = 1.057733558623334.


Package fontspec Info: 
(fontspec)             Courier New scale = 1.057733558623334.


Package fontspec Info: 
(fontspec)             Courier New/B scale = 1.008809074804275.


Package fontspec Info: 
(fontspec)             Courier New/I scale = 1.057733558623334.


Package fontspec Info: 
(fontspec)             Courier New/BI scale = 1.008809074804275.


Package fontspec Info: 
(fontspec)             Font family 'CourierNew(1)' created for font 'Courier
(fontspec)             New' with options [Scale=MatchLowercase].
(fontspec)              
(fontspec)              This font family consists of the following NFSS
(fontspec)             series/shapes:
(fontspec)              
(fontspec)             - 'normal' (m/n) with NFSS spec.:
(fontspec)             <->s*[1.057733558623334]"Courier
(fontspec)             New/OT:script=latn;language=dflt;"
(fontspec)             - 'bold' (b/n) with NFSS spec.:
(fontspec)             <->s*[1.008809074804275]"Courier
(fontspec)             New/B/OT:script=latn;language=dflt;"
(fontspec)             - 'italic' (m/it) with NFSS spec.:
(fontspec)             <->s*[1.057733558623334]"Courier
(fontspec)             New/I/OT:script=latn;language=dflt;"
(fontspec)             - 'bold italic' (b/it) with NFSS spec.:
(fontspec)             <->s*[1.008809074804275]"Courier
(fontspec)             New/BI/OT:script=latn;language=dflt;"

LaTeX Font Info:    Overwriting math alphabet `\mathtt' in version `normal'
(Font)                  OT1/cmtt/m/n --> TU/CourierNew(1)/m/n on input line 1223.
LaTeX Font Info:    Overwriting math alphabet `\mathtt' in version `bold'
(Font)                  OT1/cmtt/m/n --> TU/CourierNew(1)/b/n on input line 1223.

Package fontspec Info: 
(fontspec)             Could not resolve font "KaiTi/B" (it probably doesn't
(fontspec)             exist).


Package fontspec Info: 
(fontspec)             Could not resolve font "SimSun/I" (it probably doesn't
(fontspec)             exist).


Package fontspec Info: 
(fontspec)             Could not resolve font "SimSun/BI" (it probably doesn't
(fontspec)             exist).


Package fontspec Info: 
(fontspec)             Font family 'SimSun(0)' created for font 'SimSun' with
(fontspec)             options
(fontspec)             [Script={CJK},AutoFakeBold={2.17},ItalicFont={KaiTi}].
(fontspec)              
(fontspec)              This font family consists of the following NFSS
(fontspec)             series/shapes:
(fontspec)              
(fontspec)             - 'normal' (m/n) with NFSS spec.:
(fontspec)             <->"SimSun/OT:script=hani;language=dflt;"
(fontspec)             - 'bold' (b/n) with NFSS spec.:
(fontspec)             <->"SimSun/OT:script=hani;language=dflt;embolden=2.17;"
(fontspec)             - 'italic' (m/it) with NFSS spec.:
(fontspec)             <->"KaiTi/OT:script=hani;language=dflt;"

Package hyperref Info: Option `bookmarksnumbered' set `true' on input line 1444.
Package hyperref Info: Option `psdextra' set `true' on input line 1444.
 (b:/Program Files/texlive/2025/texmf-dist/tex/latex/hyperref/psdextra.def
File: psdextra.def 2024-11-05 v7.01l Hyperref: Additions to PDF string support
)
Package hyperref Info: Option `unicode' set `true' on input line 1444.
LaTeX Info: Redefining \mathellipsis on input line 1768.
\g__nju_abs_title_left_skip=\skip95
) (./njuthesis-setup.def) (b:/Program Files/texlive/2025/texmf-dist/tex/latex/biblatex/biblatex.sty
Package: biblatex 2024/03/21 v3.20 programmable bibliographies (PK/MW)
 (b:/Program Files/texlive/2025/texmf-dist/tex/latex/logreq/logreq.sty
Package: logreq 2010/08/04 v1.0 xml request logger
\lrq@indent=\count346
 (b:/Program Files/texlive/2025/texmf-dist/tex/latex/logreq/logreq.def
File: logreq.def 2010/08/04 v1.0 logreq spec v1.0
))
\c@tabx@nest=\count347
\c@listtotal=\count348
\c@listcount=\count349
\c@liststart=\count350
\c@liststop=\count351
\c@citecount=\count352
\c@citetotal=\count353
\c@multicitecount=\count354
\c@multicitetotal=\count355
\c@instcount=\count356
\c@maxnames=\count357
\c@minnames=\count358
\c@maxitems=\count359
\c@minitems=\count360
\c@citecounter=\count361
\c@maxcitecounter=\count362
\c@savedcitecounter=\count363
\c@uniquelist=\count364
\c@uniquename=\count365
\c@refsection=\count366
\c@refsegment=\count367
\c@maxextratitle=\count368
\c@maxextratitleyear=\count369
\c@maxextraname=\count370
\c@maxextradate=\count371
\c@maxextraalpha=\count372
\c@abbrvpenalty=\count373
\c@highnamepenalty=\count374
\c@lownamepenalty=\count375
\c@maxparens=\count376
\c@parenlevel=\count377
\blx@tempcnta=\count378
\blx@tempcntb=\count379
\blx@tempcntc=\count380
\c@blx@maxsection=\count381
\blx@maxsegment@0=\count382
\blx@notetype=\count383
\blx@parenlevel@text=\count384
\blx@parenlevel@foot=\count385
\blx@sectionciteorder@0=\count386
\blx@sectionciteorderinternal@0=\count387
\blx@entrysetcounter=\count388
\blx@biblioinstance=\count389
\labelnumberwidth=\skip96
\labelalphawidth=\skip97
\biblabelsep=\skip98
\bibitemsep=\skip99
\bibnamesep=\skip100
\bibinitsep=\skip101
\bibparsep=\skip102
\bibhang=\skip103
\blx@bcfin=\read2
\blx@bcfout=\write3
\blx@langwohyphens=\language6
\c@mincomprange=\count390
\c@maxcomprange=\count391
\c@mincompwidth=\count392
Package biblatex Info: Trying to load biblatex default data model...
Package biblatex Info: ... file 'blx-dm.def' found.
 (b:/Program Files/texlive/2025/texmf-dist/tex/latex/biblatex/blx-dm.def
File: blx-dm.def 2024/03/21 v3.20 biblatex datamodel (PK/MW)
)
Package biblatex Info: Trying to load biblatex style data model...
Package biblatex Info: ... file 'gb7714-2015.dbx' not found.
Package biblatex Info: Trying to load biblatex custom data model...
Package biblatex Info: ... file 'biblatex-dm.cfg' not found.
\c@afterword=\count393
\c@savedafterword=\count394
\c@annotator=\count395
\c@savedannotator=\count396
\c@author=\count397
\c@savedauthor=\count398
\c@bookauthor=\count399
\c@savedbookauthor=\count400
\c@commentator=\count401
\c@savedcommentator=\count402
\c@editor=\count403
\c@savededitor=\count404
\c@editora=\count405
\c@savededitora=\count406
\c@editorb=\count407
\c@savededitorb=\count408
\c@editorc=\count409
\c@savededitorc=\count410
\c@foreword=\count411
\c@savedforeword=\count412
\c@holder=\count413
\c@savedholder=\count414
\c@introduction=\count415
\c@savedintroduction=\count416
\c@namea=\count417
\c@savednamea=\count418
\c@nameb=\count419
\c@savednameb=\count420
\c@namec=\count421
\c@savednamec=\count422
\c@translator=\count423
\c@savedtranslator=\count424
\c@shortauthor=\count425
\c@savedshortauthor=\count426
\c@shorteditor=\count427
\c@savedshorteditor=\count428
\c@labelname=\count429
\c@savedlabelname=\count430
\c@institution=\count431
\c@savedinstitution=\count432
\c@lista=\count433
\c@savedlista=\count434
\c@listb=\count435
\c@savedlistb=\count436
\c@listc=\count437
\c@savedlistc=\count438
\c@listd=\count439
\c@savedlistd=\count440
\c@liste=\count441
\c@savedliste=\count442
\c@listf=\count443
\c@savedlistf=\count444
\c@location=\count445
\c@savedlocation=\count446
\c@organization=\count447
\c@savedorganization=\count448
\c@origlocation=\count449
\c@savedoriglocation=\count450
\c@origpublisher=\count451
\c@savedorigpublisher=\count452
\c@publisher=\count453
\c@savedpublisher=\count454
\c@language=\count455
\c@savedlanguage=\count456
\c@origlanguage=\count457
\c@savedoriglanguage=\count458
\c@pageref=\count459
\c@savedpageref=\count460
\shorthandwidth=\skip104
\shortjournalwidth=\skip105
\shortserieswidth=\skip106
\shorttitlewidth=\skip107
\shortauthorwidth=\skip108
\shorteditorwidth=\skip109
\locallabelnumberwidth=\skip110
\locallabelalphawidth=\skip111
\localshorthandwidth=\skip112
\localshortjournalwidth=\skip113
\localshortserieswidth=\skip114
\localshorttitlewidth=\skip115
\localshortauthorwidth=\skip116
\localshorteditorwidth=\skip117
Package biblatex Info: Trying to load enhanced support for Unicode engines...
Package biblatex Info: ... file 'blx-unicode.def' found.
 (b:/Program Files/texlive/2025/texmf-dist/tex/latex/biblatex/blx-unicode.def)
Package biblatex Info: Trying to load compatibility code...
Package biblatex Info: ... file 'blx-compat.def' found.
 (b:/Program Files/texlive/2025/texmf-dist/tex/latex/biblatex/blx-compat.def
File: blx-compat.def 2024/03/21 v3.20 biblatex compatibility (PK/MW)
)
Package biblatex Info: Trying to load generic definitions...
Package biblatex Info: ... file 'biblatex.def' found.
 (b:/Program Files/texlive/2025/texmf-dist/tex/latex/biblatex/biblatex.def
File: biblatex.def 2024/03/21 v3.20 biblatex compatibility (PK/MW)
\c@textcitecount=\count461
\c@textcitetotal=\count462
\c@textcitemaxnames=\count463
\c@biburlbigbreakpenalty=\count464
\c@biburlbreakpenalty=\count465
\c@biburlnumpenalty=\count466
\c@biburlucpenalty=\count467
\c@biburllcpenalty=\count468
\biburlbigskip=\muskip20
\biburlnumskip=\muskip21
\biburlucskip=\muskip22
\biburllcskip=\muskip23
\c@smartand=\count469
)
Package biblatex Info: Trying to load bibliography style 'gb7714-2015'...
Package biblatex Info: ... file 'gb7714-2015.bbx' found.
 (b:/Program Files/texlive/2025/texmf-dist/tex/latex/biblatex-gb7714-2015/gb7714-2015.bbx
File: gb7714-2015.bbx 2025/03/03 v1.1tbiblatex bibliography style
Package biblatex Info: Trying to load bibliography style 'numeric-comp'...
Package biblatex Info: ... file 'numeric-comp.bbx' found.
 (b:/Program Files/texlive/2025/texmf-dist/tex/latex/biblatex/bbx/numeric-comp.bbx
File: numeric-comp.bbx 2024/03/21 v3.20 biblatex bibliography style (PK/MW)
Package biblatex Info: Trying to load bibliography style 'numeric'...
Package biblatex Info: ... file 'numeric.bbx' found.
 (b:/Program Files/texlive/2025/texmf-dist/tex/latex/biblatex/bbx/numeric.bbx
File: numeric.bbx 2024/03/21 v3.20 biblatex bibliography style (PK/MW)
Package biblatex Info: Trying to load bibliography style 'standard'...
Package biblatex Info: ... file 'standard.bbx' found.
 (b:/Program Files/texlive/2025/texmf-dist/tex/latex/biblatex/bbx/standard.bbx
File: standard.bbx 2024/03/21 v3.20 biblatex bibliography style (PK/MW)
\c@bbx:relatedcount=\count470
\c@bbx:relatedtotal=\count471
))) (b:/Program Files/texlive/2025/texmf-dist/tex/generic/xstring/xstring.sty (b:/Program Files/texlive/2025/texmf-dist/tex/generic/xstring/xstring.tex
\xs_counta=\count472
\xs_countb=\count473
)
Package: xstring 2023/08/22 v1.86 String manipulations (CT)
)
\BracketLift=\skip118
\footbibmargin=\skip119
\footbiblabelsep=\skip120
\c@gbnamefmtcase=\count474
\c@gbalignlabel=\count475
\c@gbcitelocalcase=\count476
\c@gbbiblocalcase=\count477
\c@lanordernum=\count478
\bibitemindent=\skip121
\biblabelextend=\skip122
Package biblatex Info: Delimiter 'finalnamedelim' in context '' already defined, overwriting.
)
Package biblatex Info: Trying to load citation style 'gb7714-2015'...
Package biblatex Info: ... file 'gb7714-2015.cbx' found.
 (b:/Program Files/texlive/2025/texmf-dist/tex/latex/biblatex-gb7714-2015/gb7714-2015.cbx
File: gb7714-2015.cbx a biblatex citation style for GB/T 7714-2015
Package biblatex Info: Trying to load citation style 'numeric-comp'...
Package biblatex Info: ... file 'numeric-comp.cbx' found.
 (b:/Program Files/texlive/2025/texmf-dist/tex/latex/biblatex/cbx/numeric-comp.cbx
File: numeric-comp.cbx 2024/03/21 v3.20 biblatex citation style (PK/MW)
\c@cbx@tempcnta=\count479
\c@cbx@tempcntb=\count480
\c@cbx@tempcntc=\count481
\c@cbx@tempcntd=\count482
Package biblatex Info: Redefining '\cite'.
Package biblatex Info: Redefining '\parencite'.
Package biblatex Info: Redefining '\footcite'.
Package biblatex Info: Redefining '\footcitetext'.
Package biblatex Info: Redefining '\smartcite'.
Package biblatex Info: Redefining '\supercite'.
Package biblatex Info: Redefining '\textcite'.
Package biblatex Info: Redefining '\textcites'.
Package biblatex Info: Redefining '\cites'.
Package biblatex Info: Redefining '\parencites'.
Package biblatex Info: Redefining '\smartcites'.
)
\c@gbrefcompress=\count483
Package biblatex Info: Redefining '\cite'.
Package biblatex Info: Redefining '\parencite'.
Package biblatex Info: Redefining '\cbx@textcite'.
)
Package biblatex Info: Trying to load configuration file...
Package biblatex Info: ... file 'biblatex.cfg' found.
 (b:/Program Files/texlive/2025/texmf-dist/tex/latex/biblatex/biblatex.cfg
File: biblatex.cfg 
)
Package biblatex Info: XeTeX detected.
(biblatex)             Assuming input encoding 'utf8'.
Package biblatex Info: Document encoding is UTF8 ....
Package biblatex Info: ... and expl3
(biblatex)             2025-01-18 L3 programming layer (loader) 
(biblatex)             is new enough (at least 2020/04/06),
(biblatex)             setting 'casechanger=expl3'.
 (b:/Program Files/texlive/2025/texmf-dist/tex/latex/biblatex/blx-case-expl3.sty
Package: blx-case-expl3 2024/03/21 v3.20 expl3 case changing code for biblatex
))
\@quotelevel=\count484
\@quotereset=\count485
 (./njuthesis-sample.aux)
\openout1 = `njuthesis-sample.aux'.

LaTeX Font Info:    Checking defaults for OML/cmm/m/it on input line 67.
LaTeX Font Info:    ... okay on input line 67.
LaTeX Font Info:    Checking defaults for OMS/cmsy/m/n on input line 67.
LaTeX Font Info:    ... okay on input line 67.
LaTeX Font Info:    Checking defaults for OT1/cmr/m/n on input line 67.
LaTeX Font Info:    ... okay on input line 67.
LaTeX Font Info:    Checking defaults for T1/cmr/m/n on input line 67.
LaTeX Font Info:    ... okay on input line 67.
LaTeX Font Info:    Checking defaults for TS1/cmr/m/n on input line 67.
LaTeX Font Info:    ... okay on input line 67.
LaTeX Font Info:    Checking defaults for TU/lmr/m/n on input line 67.
LaTeX Font Info:    ... okay on input line 67.
LaTeX Font Info:    Checking defaults for OMX/cmex/m/n on input line 67.
LaTeX Font Info:    ... okay on input line 67.
LaTeX Font Info:    Checking defaults for U/cmr/m/n on input line 67.
LaTeX Font Info:    ... okay on input line 67.
LaTeX Font Info:    Checking defaults for PD1/pdf/m/n on input line 67.
LaTeX Font Info:    ... okay on input line 67.
LaTeX Font Info:    Checking defaults for PU/pdf/m/n on input line 67.
LaTeX Font Info:    ... okay on input line 67.

Package fontspec Info: 
(fontspec)             Font family 'latinmodern-math.otf(0)' created for font
(fontspec)             'latinmodern-math.otf' with options
(fontspec)             [BoldItalicFont={},ItalicFont={},SmallCapsFont={},Script=Math,BoldFont={latinmodern-math.otf}].
(fontspec)              
(fontspec)              This font family consists of the following NFSS
(fontspec)             series/shapes:
(fontspec)              
(fontspec)             - 'normal' (m/n) with NFSS spec.:
(fontspec)             <->"[latinmodern-math.otf]/OT:script=math;language=dflt;"
(fontspec)             - 'bold' (b/n) with NFSS spec.:
(fontspec)             <->"[latinmodern-math.otf]/OT:script=math;language=dflt;"


Package fontspec Info: 
(fontspec)             Font family 'latinmodern-math.otf(1)' created for font
(fontspec)             'latinmodern-math.otf' with options
(fontspec)             [BoldItalicFont={},ItalicFont={},SmallCapsFont={},Script=Math,SizeFeatures={{Size=10.23825-},{Size=7.227-10.23825,Font=latinmodern-math.otf,Style=MathScript},{Size=-7.227,Font=latinmodern-math.otf,Style=MathScriptScript}},BoldFont={latinmodern-math.otf}].
(fontspec)              
(fontspec)              This font family consists of the following NFSS
(fontspec)             series/shapes:
(fontspec)              
(fontspec)             - 'normal' (m/n) with NFSS spec.:
(fontspec)             <10.23825->"[latinmodern-math.otf]/OT:script=math;language=dflt;"<7.227-10.23825>"[latinmodern-math.otf]/OT:script=math;language=dflt;+ssty=0;"<-7.227>"[latinmodern-math.otf]/OT:script=math;language=dflt;+ssty=1;"
(fontspec)             - 'bold' (b/n) with NFSS spec.:
(fontspec)             <->"[latinmodern-math.otf]/OT:script=math;language=dflt;"

LaTeX Font Info:    Encoding `OT1' has changed to `TU' for symbol font
(Font)              `operators' in the math version `normal' on input line 67.
LaTeX Font Info:    Overwriting symbol font `operators' in version `normal'
(Font)                  OT1/cmr/m/n --> TU/latinmodern-math.otf(1)/m/n on input line 67.
LaTeX Font Info:    Encoding `OT1' has changed to `TU' for symbol font
(Font)              `operators' in the math version `bold' on input line 67.
LaTeX Font Info:    Overwriting symbol font `operators' in version `bold'
(Font)                  OT1/cmr/bx/n --> TU/latinmodern-math.otf(1)/b/n on input line 67.

Package fontspec Info: 
(fontspec)             latinmodern-math scale = 1.0001.


Package fontspec Info: 
(fontspec)             latinmodern-math scale = 1.0001.


Package fontspec Info: 
(fontspec)             latinmodern-math scale = 1.0001.


Package fontspec Info: 
(fontspec)             latinmodern-math scale = 1.0001.


Package fontspec Info: 
(fontspec)             latinmodern-math scale = 1.0001.


Package fontspec Info: 
(fontspec)             Font family 'latinmodern-math.otf(2)' created for font
(fontspec)             'latinmodern-math.otf' with options
(fontspec)             [BoldItalicFont={},ItalicFont={},SmallCapsFont={},Script=Math,SizeFeatures={{Size=10.23825-},{Size=7.227-10.23825,Font=latinmodern-math.otf,Style=MathScript},{Size=-7.227,Font=latinmodern-math.otf,Style=MathScriptScript}},BoldFont={latinmodern-math.otf},ScaleAgain=1.0001,FontAdjustment={\fontdimen
(fontspec)             8\font =8.15446pt\relax \fontdimen 9\font
(fontspec)             =4.74573pt\relax \fontdimen 10\font =5.34798pt\relax
(fontspec)             \fontdimen 11\font =8.26286pt\relax \fontdimen 12\font
(fontspec)             =4.15552pt\relax \fontdimen 13\font =4.37233pt\relax
(fontspec)             \fontdimen 14\font =4.37233pt\relax \fontdimen 15\font
(fontspec)             =3.481pt\relax \fontdimen 16\font =2.97511pt\relax
(fontspec)             \fontdimen 17\font =2.97511pt\relax \fontdimen 18\font
(fontspec)             =3.01125pt\relax \fontdimen 19\font =2.409pt\relax
(fontspec)             \fontdimen 22\font =3.01125pt\relax \fontdimen 20\font
(fontspec)             =0pt\relax \fontdimen 21\font =0pt\relax }].
(fontspec)              
(fontspec)              This font family consists of the following NFSS
(fontspec)             series/shapes:
(fontspec)              
(fontspec)             - 'normal' (m/n) with NFSS spec.:
(fontspec)             <10.23825->s*[1.0001]"[latinmodern-math.otf]/OT:script=math;language=dflt;"<7.227-10.23825>s*[1.0001]"[latinmodern-math.otf]/OT:script=math;language=dflt;+ssty=0;"<-7.227>s*[1.0001]"[latinmodern-math.otf]/OT:script=math;language=dflt;+ssty=1;"
(fontspec)             - 'bold' (b/n) with NFSS spec.:
(fontspec)             <->s*[1.0001]"[latinmodern-math.otf]/OT:script=math;language=dflt;"

LaTeX Font Info:    Encoding `OMS' has changed to `TU' for symbol font
(Font)              `symbols' in the math version `normal' on input line 67.
LaTeX Font Info:    Overwriting symbol font `symbols' in version `normal'
(Font)                  OMS/cmsy/m/n --> TU/latinmodern-math.otf(2)/m/n on input line 67.
LaTeX Font Info:    Encoding `OMS' has changed to `TU' for symbol font
(Font)              `symbols' in the math version `bold' on input line 67.
LaTeX Font Info:    Overwriting symbol font `symbols' in version `bold'
(Font)                  OMS/cmsy/b/n --> TU/latinmodern-math.otf(2)/b/n on input line 67.

Package fontspec Info: 
(fontspec)             latinmodern-math scale = 0.9999.


Package fontspec Info: 
(fontspec)             latinmodern-math scale = 0.9999.


Package fontspec Info: 
(fontspec)             latinmodern-math scale = 0.9999.


Package fontspec Info: 
(fontspec)             latinmodern-math scale = 0.9999.


Package fontspec Info: 
(fontspec)             latinmodern-math scale = 0.9999.


Package fontspec Info: 
(fontspec)             Font family 'latinmodern-math.otf(3)' created for font
(fontspec)             'latinmodern-math.otf' with options
(fontspec)             [BoldItalicFont={},ItalicFont={},SmallCapsFont={},Script=Math,SizeFeatures={{Size=10.23825-},{Size=7.227-10.23825,Font=latinmodern-math.otf,Style=MathScript},{Size=-7.227,Font=latinmodern-math.otf,Style=MathScriptScript}},BoldFont={latinmodern-math.otf},ScaleAgain=0.9999,FontAdjustment={\fontdimen
(fontspec)             8\font =0.4818pt\relax \fontdimen 9\font =2.409pt\relax
(fontspec)             \fontdimen 10\font =2.01152pt\relax \fontdimen 11\font
(fontspec)             =1.33699pt\relax \fontdimen 12\font =7.227pt\relax
(fontspec)             \fontdimen 13\font =0pt\relax }].
(fontspec)              
(fontspec)              This font family consists of the following NFSS
(fontspec)             series/shapes:
(fontspec)              
(fontspec)             - 'normal' (m/n) with NFSS spec.:
(fontspec)             <10.23825->s*[0.9999]"[latinmodern-math.otf]/OT:script=math;language=dflt;"<7.227-10.23825>s*[0.9999]"[latinmodern-math.otf]/OT:script=math;language=dflt;+ssty=0;"<-7.227>s*[0.9999]"[latinmodern-math.otf]/OT:script=math;language=dflt;+ssty=1;"
(fontspec)             - 'bold' (b/n) with NFSS spec.:
(fontspec)             <->s*[0.9999]"[latinmodern-math.otf]/OT:script=math;language=dflt;"

LaTeX Font Info:    Encoding `OMX' has changed to `TU' for symbol font
(Font)              `largesymbols' in the math version `normal' on input line 67.
LaTeX Font Info:    Overwriting symbol font `largesymbols' in version `normal'
(Font)                  OMX/cmex/m/n --> TU/latinmodern-math.otf(3)/m/n on input line 67.
LaTeX Font Info:    Encoding `OMX' has changed to `TU' for symbol font
(Font)              `largesymbols' in the math version `bold' on input line 67.
LaTeX Font Info:    Overwriting symbol font `largesymbols' in version `bold'
(Font)                  OMX/cmex/m/n --> TU/latinmodern-math.otf(3)/b/n on input line 67.

*geometry* driver: auto-detecting
*geometry* detected driver: xetex
*geometry* verbose mode - [ preamble ] result:
* driver: xetex
* paper: <default>
* layout: <same size as paper>
* layoutoffset:(h,v)=(0.0pt,0.0pt)
* modes: twoside 
* h-part:(L,W,R)=(90.47955pt, 416.54877pt, 90.47955pt)
* v-part:(T,H,B)=(72.2698pt, 700.50723pt, 72.2698pt)
* \paperwidth=597.50787pt
* \paperheight=845.04684pt
* \textwidth=416.54877pt
* \textheight=700.50723pt
* \oddsidemargin=18.20956pt
* \evensidemargin=18.20956pt
* \topmargin=-34.87398pt
* \headheight=15.0pt
* \headsep=19.8738pt
* \topskip=12.0pt
* \footskip=30.0pt
* \marginparwidth=88.0pt
* \marginparsep=7.0pt
* \columnsep=10.0pt
* \skip\footins=10.8pt plus 4.0pt minus 2.0pt
* \hoffset=0.0pt
* \voffset=0.0pt
* \mag=1000
* \@twocolumnfalse
* \@twosidetrue
* \@mparswitchtrue
* \@reversemarginfalse
* (1in=72.27pt=25.4mm, 1cm=28.453pt)

Package caption Info: Begin \AtBeginDocument code.
Package caption Info: hyperref package is loaded.
Package caption Info: End \AtBeginDocument code.
Package hyperref Info: Link coloring OFF on input line 67.
(./njuthesis-sample.out) (./njuthesis-sample.out)
\@outlinefile=\write4
\openout4 = `njuthesis-sample.out'.

Package biblatex Info: Trying to load language 'english'...
Package biblatex Info: ... file 'english.lbx' found.
 (b:/Program Files/texlive/2025/texmf-dist/tex/latex/biblatex/lbx/english.lbx
File: english.lbx 2024/03/21 v3.20 biblatex localization (PK/MW)
)
Package biblatex Info: XeTeX detected.
(biblatex)             Assuming input encoding 'utf8'.
Package biblatex Info: Automatic encoding selection.
(biblatex)             Assuming data encoding 'utf8'.
\openout3 = `njuthesis-sample.bcf'.

Package biblatex Info: Trying to load bibliographic data...
Package biblatex Info: ... file 'njuthesis-sample.bbl' not found.

No file njuthesis-sample.bbl.
Package biblatex Info: Reference section=0 on input line 67.
Package biblatex Info: Reference segment=0 on input line 67.

Package fontspec Info: 
(fontspec)             Font family 'XITSMath-Regular(0)' created for font
(fontspec)             'XITSMath-Regular' with options
(fontspec)             [BoldItalicFont={},ItalicFont={},SmallCapsFont={},Script=Math,Extension={.otf},StylisticSet={8},BoldFont={XITSMath-Bold}].
(fontspec)              
(fontspec)              This font family consists of the following NFSS
(fontspec)             series/shapes:
(fontspec)              
(fontspec)             - 'normal' (m/n) with NFSS spec.:
(fontspec)             <->"[XITSMath-Regular.otf]/OT:script=math;language=dflt;+ss08;"
(fontspec)             - 'bold' (b/n) with NFSS spec.:
(fontspec)             <->"[XITSMath-Bold.otf]/OT:script=math;language=dflt;+ss08;"


Package fontspec Info: 
(fontspec)             Font family 'XITSMath-Regular(1)' created for font
(fontspec)             'XITSMath-Regular' with options
(fontspec)             [BoldItalicFont={},ItalicFont={},SmallCapsFont={},Script=Math,SizeFeatures={{Size=10.539375-},{Size=8.130375-10.539375,Font=XITSMath-Regular,Style=MathScript},{Size=-8.130375,Font=XITSMath-Regular,Style=MathScriptScript}},Extension={.otf},StylisticSet={8},BoldFont={XITSMath-Bold}].
(fontspec)              
(fontspec)              This font family consists of the following NFSS
(fontspec)             series/shapes:
(fontspec)              
(fontspec)             - 'normal' (m/n) with NFSS spec.:
(fontspec)             <10.539375->"[XITSMath-Regular.otf]/OT:script=math;language=dflt;+ss08;"<8.130375-10.539375>"[XITSMath-Regular.otf]/OT:script=math;language=dflt;+ss08;+ssty=0;"<-8.130375>"[XITSMath-Regular.otf]/OT:script=math;language=dflt;+ss08;+ssty=1;"
(fontspec)             - 'bold' (b/n) with NFSS spec.:
(fontspec)             <->"[XITSMath-Bold.otf]/OT:script=math;language=dflt;+ss08;"

LaTeX Font Info:    Overwriting symbol font `operators' in version `normal'
(Font)                  TU/latinmodern-math.otf(1)/m/n --> TU/XITSMath-Regular(1)/m/n on input line 67.
LaTeX Font Info:    Overwriting symbol font `operators' in version `bold'
(Font)                  TU/latinmodern-math.otf(1)/b/n --> TU/XITSMath-Regular(1)/b/n on input line 67.

Package fontspec Info: 
(fontspec)             XITSMath-Regular scale = 1.0001.


Package fontspec Info: 
(fontspec)             XITSMath-Regular scale = 1.0001.


Package fontspec Info: 
(fontspec)             XITSMath-Regular scale = 1.0001.


Package fontspec Info: 
(fontspec)             XITSMath-Regular scale = 1.0001.


Package fontspec Info: 
(fontspec)             XITSMath-Bold scale = 1.0001.


Package fontspec Info: 
(fontspec)             Font family 'XITSMath-Regular(2)' created for font
(fontspec)             'XITSMath-Regular' with options
(fontspec)             [BoldItalicFont={},ItalicFont={},SmallCapsFont={},Script=Math,SizeFeatures={{Size=10.539375-},{Size=8.130375-10.539375,Font=XITSMath-Regular,Style=MathScript},{Size=-8.130375,Font=XITSMath-Regular,Style=MathScriptScript}},Extension={.otf},StylisticSet={8},BoldFont={XITSMath-Bold},ScaleAgain=1.0001,FontAdjustment={\fontdimen
(fontspec)             8\font =6.9861pt\relax \fontdimen 9\font
(fontspec)             =5.7816pt\relax \fontdimen 10\font =5.7816pt\relax
(fontspec)             \fontdimen 11\font =8.4315pt\relax \fontdimen 12\font
(fontspec)             =5.7816pt\relax \fontdimen 13\font =4.818pt\relax
(fontspec)             \fontdimen 14\font =4.818pt\relax \fontdimen 15\font
(fontspec)             =3.31238pt\relax \fontdimen 16\font =3.01125pt\relax
(fontspec)             \fontdimen 17\font =3.01125pt\relax \fontdimen 18\font
(fontspec)             =4.51688pt\relax \fontdimen 19\font =0.60225pt\relax
(fontspec)             \fontdimen 22\font =3.01125pt\relax \fontdimen 20\font
(fontspec)             =0pt\relax \fontdimen 21\font =0pt\relax }].
(fontspec)              
(fontspec)              This font family consists of the following NFSS
(fontspec)             series/shapes:
(fontspec)              
(fontspec)             - 'normal' (m/n) with NFSS spec.:
(fontspec)             <10.539375->s*[1.0001]"[XITSMath-Regular.otf]/OT:script=math;language=dflt;+ss08;"<8.130375-10.539375>s*[1.0001]"[XITSMath-Regular.otf]/OT:script=math;language=dflt;+ss08;+ssty=0;"<-8.130375>s*[1.0001]"[XITSMath-Regular.otf]/OT:script=math;language=dflt;+ss08;+ssty=1;"
(fontspec)             - 'bold' (b/n) with NFSS spec.:
(fontspec)             <->s*[1.0001]"[XITSMath-Bold.otf]/OT:script=math;language=dflt;+ss08;"

LaTeX Font Info:    Overwriting symbol font `symbols' in version `normal'
(Font)                  TU/latinmodern-math.otf(2)/m/n --> TU/XITSMath-Regular(2)/m/n on input line 67.
LaTeX Font Info:    Overwriting symbol font `symbols' in version `bold'
(Font)                  TU/latinmodern-math.otf(2)/b/n --> TU/XITSMath-Regular(2)/b/n on input line 67.

Package fontspec Info: 
(fontspec)             XITSMath-Regular scale = 0.9999.


Package fontspec Info: 
(fontspec)             XITSMath-Regular scale = 0.9999.


Package fontspec Info: 
(fontspec)             XITSMath-Regular scale = 0.9999.


Package fontspec Info: 
(fontspec)             XITSMath-Regular scale = 0.9999.


Package fontspec Info: 
(fontspec)             XITSMath-Bold scale = 0.9999.


Package fontspec Info: 
(fontspec)             Font family 'XITSMath-Regular(3)' created for font
(fontspec)             'XITSMath-Regular' with options
(fontspec)             [BoldItalicFont={},ItalicFont={},SmallCapsFont={},Script=Math,SizeFeatures={{Size=10.539375-},{Size=8.130375-10.539375,Font=XITSMath-Regular,Style=MathScript},{Size=-8.130375,Font=XITSMath-Regular,Style=MathScriptScript}},Extension={.otf},StylisticSet={8},BoldFont={XITSMath-Bold},ScaleAgain=0.9999,FontAdjustment={\fontdimen
(fontspec)             8\font =0.79497pt\relax \fontdimen 9\font
(fontspec)             =1.80675pt\relax \fontdimen 10\font =1.80675pt\relax
(fontspec)             \fontdimen 11\font =3.6135pt\relax \fontdimen 12\font
(fontspec)             =7.227pt\relax \fontdimen 13\font =0pt\relax }].
(fontspec)              
(fontspec)              This font family consists of the following NFSS
(fontspec)             series/shapes:
(fontspec)              
(fontspec)             - 'normal' (m/n) with NFSS spec.:
(fontspec)             <10.539375->s*[0.9999]"[XITSMath-Regular.otf]/OT:script=math;language=dflt;+ss08;"<8.130375-10.539375>s*[0.9999]"[XITSMath-Regular.otf]/OT:script=math;language=dflt;+ss08;+ssty=0;"<-8.130375>s*[0.9999]"[XITSMath-Regular.otf]/OT:script=math;language=dflt;+ss08;+ssty=1;"
(fontspec)             - 'bold' (b/n) with NFSS spec.:
(fontspec)             <->s*[0.9999]"[XITSMath-Bold.otf]/OT:script=math;language=dflt;+ss08;"

LaTeX Font Info:    Overwriting symbol font `largesymbols' in version `normal'
(Font)                  TU/latinmodern-math.otf(3)/m/n --> TU/XITSMath-Regular(3)/m/n on input line 67.
LaTeX Font Info:    Overwriting symbol font `largesymbols' in version `bold'
(Font)                  TU/latinmodern-math.otf(3)/b/n --> TU/XITSMath-Regular(3)/b/n on input line 67.

Package fontspec Info: 
(fontspec)             Font family 'XITSMath-Regular(4)' created for font
(fontspec)             'XITSMath-Regular' with options
(fontspec)             [BoldItalicFont={},ItalicFont={},SmallCapsFont={},Script=Math,SizeFeatures={{Size=10.539375-},{Size=8.130375-10.539375,Font=XITSMath-Regular,Style=MathScript},{Size=-8.130375,Font=XITSMath-Regular,Style=MathScriptScript}},Extension={.otf},StylisticSet={1}].
(fontspec)              
(fontspec)              This font family consists of the following NFSS
(fontspec)             series/shapes:
(fontspec)              
(fontspec)             - 'normal' (m/n) with NFSS spec.:
(fontspec)             <10.539375->"[XITSMath-Regular.otf]/OT:script=math;language=dflt;+ss01;"<8.130375-10.539375>"[XITSMath-Regular.otf]/OT:script=math;language=dflt;+ss01;+ssty=0;"<-8.130375>"[XITSMath-Regular.otf]/OT:script=math;language=dflt;+ss01;+ssty=1;"

\sym__um_fam1=\mathgroup4
LaTeX Font Info:    Overwriting symbol font `__um_fam1' in version `normal'
(Font)                  TU/XITSMath-Regular(4)/m/n --> TU/XITSMath-Regular(4)/m/n on input line 67.
LaTeX Font Info:    Overwriting symbol font `__um_fam1' in version `bold'
(Font)                  TU/XITSMath-Regular(4)/m/n --> TU/XITSMath-Regular(4)/b/n on input line 67.
File: nju-emblem.pdf Graphic file (type pdf)
<use nju-emblem.pdf>
File: nju-name.pdf Graphic file (type pdf)
<use nju-name.pdf>

Package fontspec Info: 
(fontspec)             Could not resolve font "KaiTi/I" (it probably doesn't
(fontspec)             exist).


Package fontspec Info: 
(fontspec)             Could not resolve font "KaiTi/BI" (it probably doesn't
(fontspec)             exist).


Package fontspec Info: 
(fontspec)             Could not resolve font "KaiTi/I" (it probably doesn't
(fontspec)             exist).


Package fontspec Info: 
(fontspec)             Font family 'KaiTi(0)' created for font 'KaiTi' with
(fontspec)             options [Script={CJK},AutoFakeBold={2.17}].
(fontspec)              
(fontspec)              This font family consists of the following NFSS
(fontspec)             series/shapes:
(fontspec)              
(fontspec)             - 'normal' (m/n) with NFSS spec.:
(fontspec)             <->"KaiTi/OT:script=hani;language=dflt;"
(fontspec)             - 'bold' (b/n) with NFSS spec.:
(fontspec)             <->"KaiTi/OT:script=hani;language=dflt;embolden=2.17;"



[1


]

[2

]

[1

]

[2

]

[3]

[4

] (./njuthesis-sample.toc

Package fontspec Info: 
(fontspec)             Could not resolve font "SimHei/I" (it probably doesn't
(fontspec)             exist).


Package fontspec Info: 
(fontspec)             Could not resolve font "SimHei/BI" (it probably doesn't
(fontspec)             exist).


Package fontspec Info: 
(fontspec)             Could not resolve font "SimHei/I" (it probably doesn't
(fontspec)             exist).


Package fontspec Info: 
(fontspec)             Font family 'SimHei(0)' created for font 'SimHei' with
(fontspec)             options [Script={CJK},AutoFakeBold={2.17}].
(fontspec)              
(fontspec)              This font family consists of the following NFSS
(fontspec)             series/shapes:
(fontspec)              
(fontspec)             - 'normal' (m/n) with NFSS spec.:
(fontspec)             <->"SimHei/OT:script=hani;language=dflt;"
(fontspec)             - 'bold' (b/n) with NFSS spec.:
(fontspec)             <->"SimHei/OT:script=hani;language=dflt;embolden=2.17;"

LaTeX Font Info:    Font shape `TU/XITSMath-Regular(2)/m/n' will be
(Font)              scaled to size 12.04628pt on input line 1.
LaTeX Font Info:    Font shape `TU/XITSMath-Regular(2)/m/n' will be
(Font)              scaled to size 9.03471pt on input line 1.
LaTeX Font Info:    Font shape `TU/XITSMath-Regular(2)/m/n' will be
(Font)              scaled to size 7.22777pt on input line 1.
LaTeX Font Info:    Font shape `TU/XITSMath-Regular(3)/m/n' will be
(Font)              scaled to size 12.0437pt on input line 1.
LaTeX Font Info:    Font shape `TU/XITSMath-Regular(3)/m/n' will be
(Font)              scaled to size 9.03278pt on input line 1.
LaTeX Font Info:    Font shape `TU/XITSMath-Regular(3)/m/n' will be
(Font)              scaled to size 7.22623pt on input line 1.
)
\tf@toc=\write5
\openout5 = `njuthesis-sample.toc'.



[5]

[6

]


LaTeX Warning: Citation 'preskill2018' on page 1 undefined on input line 121.


LaTeX Warning: Empty bibliography on input line 129.



[1

]

[2

]

[3]

[4

]
 A
\tf@thm=\write6
\openout6 = `njuthesis-sample.thm'.



[5

] (./njuthesis-sample.aux)
 ***********
LaTeX2e <2024-11-01> patch level 2
L3 programming layer <2024/11/08>
 ***********


LaTeX Warning: There were undefined references.

Package rerunfilecheck Info: File `njuthesis-sample.out' has not changed.
(rerunfilecheck)             Checksum: 14403254AFFBD8E918A148E253F80EBB;660.

Package biblatex Warning: Please (re)run Biber on the file:
(biblatex)                njuthesis-sample
(biblatex)                and rerun LaTeX afterwards.

Package logreq Info: Writing requests to 'njuthesis-sample.run.xml'.
\openout1 = `njuthesis-sample.run.xml'.

 ) 
Here is how much of TeX's memory you used:
 34117 strings out of 475796
 710176 string characters out of 5772563
 1723799 words of memory out of 5000000
 56638 multiletter control sequences out of 15000+600000
 563888 words of font info for 134 fonts, out of 8000000 for 9000
 36 hyphenation exceptions out of 8191
 106i,11n,125p,3316b,4952s stack positions out of 10000i,1000n,20000p,200000b,200000s

Output written on njuthesis-sample.pdf (13 pages).
