\BOOKMARK [0][-]{abstract.0}{\376\377\116\055\145\207\144\130\211\201}{}% 1
\BOOKMARK [0][-]{abstract-en.0}{\376\377\000A\000B\000S\000T\000R\000A\000C\000T}{}% 2
\BOOKMARK [0][-]{chapter*.3}{\376\377\166\356\137\125}{}% 3
\BOOKMARK [0][-]{chapter*.4}{\376\377\143\322\126\376\166\356\137\125}{}% 4
\BOOKMARK [0][-]{chapter*.5}{\376\377\210\150\150\074\166\356\137\125}{}% 5
\BOOKMARK [0][-]{chapter.1}{\376\377\173\054\116\000\172\340\000\040\137\025\212\000}{}% 6
\BOOKMARK [1][-]{section.1.1}{\376\377\0001\000.\0001\000\040\170\024\172\166\200\314\146\157\123\312\141\017\116\111}{chapter.1}% 7
\BOOKMARK [1][-]{section.1.2}{\376\377\0001\000.\0002\000\040\126\375\121\205\131\026\170\024\172\166\163\260\162\266}{chapter.1}% 8
\BOOKMARK [2][-]{subsection.1.2.1}{\376\377\0001\000.\0002\000.\0001\000\040\135\345\116\032\177\072\226\167\150\300\155\113\142\200\147\057}{section.1.2}% 9
\BOOKMARK [2][-]{subsection.1.2.2}{\376\377\0001\000.\0002\000.\0002\000\040\135\345\116\032\177\072\226\167\150\300\155\113\174\373\176\337}{section.1.2}% 10
\BOOKMARK [1][-]{section.1.3}{\376\377\0001\000.\0003\000\040\170\024\172\166\121\205\133\271\116\016\116\073\211\201\135\345\117\134}{chapter.1}% 11
\BOOKMARK [1][-]{section.1.4}{\376\377\0001\000.\0004\000\040\213\272\145\207\176\304\176\307\176\323\147\204}{chapter.1}% 12
\BOOKMARK [1][-]{section.1.5}{\376\377\0001\000.\0005\000\040\147\054\172\340\134\017\176\323}{chapter.1}% 13
\BOOKMARK [0][-]{chapter.2}{\376\377\173\054\116\214\172\340\000\040\127\372\147\054\151\202\137\365\124\214\166\370\121\163\135\345\117\134}{}% 14
\BOOKMARK [1][-]{section.2.1}{\376\377\0002\000.\0001\000\040\127\372\147\054\151\202\137\365}{chapter.2}% 15
\BOOKMARK [2][-]{subsection.2.1.1}{\376\377\0002\000.\0001\000.\0001\000\040\177\072\226\167\116\016\137\002\136\070\166\204\151\202\137\365}{section.2.1}% 16
\BOOKMARK [1][-]{section.2.2}{\376\377\0002\000.\0002\000\040\000S\000i\000m\000p\000l\000e\000N\000e\000t}{chapter.2}% 17
\BOOKMARK [2][-]{subsection.2.2.1}{\376\377\0002\000.\0002\000.\0001\000\040\000S\000i\000m\000p\000l\000e\000N\000e\000t\000\040\151\202\217\360}{section.2.2}% 18
\BOOKMARK [2][-]{subsection.2.2.2}{\376\377\0002\000.\0002\000.\0002\000\040\000S\000i\000m\000p\000l\000e\000N\000e\000t\000\040\122\006\147\220}{section.2.2}% 19
\BOOKMARK [1][-]{section.2.3}{\376\377\0002\000.\0003\000\040\000A\000n\000o\000m\000a\000l\000y\000G\000P\000T}{chapter.2}% 20
\BOOKMARK [2][-]{subsection.2.3.1}{\376\377\0002\000.\0003\000.\0001\000\040\000A\000n\000o\000m\000a\000l\000y\000G\000P\000T\000\040\151\202\217\360}{section.2.3}% 21
\BOOKMARK [2][-]{subsection.2.3.2}{\376\377\0002\000.\0003\000.\0002\000\040\000A\000n\000o\000m\000a\000l\000y\000G\000P\000T\000\040\122\006\147\220}{section.2.3}% 22
\BOOKMARK [1][-]{section.2.4}{\376\377\0002\000.\0004\000\040\142\200\147\057\150\010}{chapter.2}% 23
\BOOKMARK [2][-]{subsection.2.4.1}{\376\377\0002\000.\0004\000.\0001\000\040\137\000\123\321\150\106\147\266}{section.2.4}% 24
\BOOKMARK [2][-]{subsection.2.4.2}{\376\377\0002\000.\0004\000.\0002\000\040\145\160\143\156\136\223}{section.2.4}% 25
\BOOKMARK [2][-]{subsection.2.4.3}{\376\377\0002\000.\0004\000.\0003\000\040\220\350\177\162\135\345\121\167}{section.2.4}% 26
\BOOKMARK [2][-]{subsection.2.4.4}{\376\377\0002\000.\0004\000.\0004\000\040\121\166\133\203}{section.2.4}% 27
\BOOKMARK [1][-]{section.2.5}{\376\377\0002\000.\0005\000\040\147\054\172\340\134\017\176\323}{chapter.2}% 28
\BOOKMARK [0][-]{chapter.3}{\376\377\173\054\116\011\172\340\000\040\174\373\176\337\213\276\213\241}{}% 29
\BOOKMARK [1][-]{section.3.1}{\376\377\0003\000.\0001\000\040\140\073\117\123\143\317\217\360}{chapter.3}% 30
\BOOKMARK [2][-]{subsection.3.1.1}{\376\377\0003\000.\0001\000.\0001\000\040\174\373\176\337\166\356\150\007}{section.3.1}% 31
\BOOKMARK [2][-]{subsection.3.1.2}{\376\377\0003\000.\0001\000.\0002\000\040\165\050\142\067\162\171\137\201}{section.3.1}% 32
\BOOKMARK [1][-]{section.3.2}{\376\377\0003\000.\0002\000\040\227\000\154\102\122\006\147\220}{chapter.3}% 33
\BOOKMARK [2][-]{subsection.3.2.1}{\376\377\0003\000.\0002\000.\0001\000\040\122\237\200\375\140\047\227\000\154\102}{section.3.2}% 34
\BOOKMARK [2][-]{subsection.3.2.2}{\376\377\0003\000.\0002\000.\0002\000\040\165\050\117\213\143\317\217\360}{section.3.2}% 35
\BOOKMARK [2][-]{subsection.3.2.3}{\376\377\0003\000.\0002\000.\0003\000\040\227\136\122\237\200\375\140\047\227\000\154\102}{section.3.2}% 36
\BOOKMARK [1][-]{section.3.3}{\376\377\0003\000.\0003\000\040\174\373\176\337\147\266\147\204\213\276\213\241}{chapter.3}% 37
\BOOKMARK [2][-]{subsection.3.3.1}{\376\377\0003\000.\0003\000.\0001\000\040\140\073\117\123\213\276\213\241}{section.3.3}% 38
\BOOKMARK [2][-]{subsection.3.3.2}{\376\377\0003\000.\0003\000.\0002\000\040\040\034\0004\000+\0001\040\035\000\040\211\306\126\376}{section.3.3}% 39
\BOOKMARK [2][-]{subsection.3.3.3}{\376\377\0003\000.\0003\000.\0003\000\040\152\041\127\127\122\022\122\006}{section.3.3}% 40
\BOOKMARK [1][-]{section.3.4}{\376\377\0003\000.\0004\000\040\145\160\143\156\136\223\213\276\213\241}{chapter.3}% 41
\BOOKMARK [2][-]{subsection.3.4.1}{\376\377\0003\000.\0004\000.\0001\000\040\151\202\217\360}{section.3.4}% 42
\BOOKMARK [2][-]{subsection.3.4.2}{\376\377\0003\000.\0004\000.\0002\000\040\000E\000-\000R\126\376\213\276\213\241}{section.3.4}% 43
\BOOKMARK [2][-]{subsection.3.4.3}{\376\377\0003\000.\0004\000.\0003\000\040\150\070\137\303\210\150\176\323\147\204}{section.3.4}% 44
\BOOKMARK [2][-]{subsection.3.4.4}{\376\377\0003\000.\0004\000.\0004\000\040\145\160\143\156\121\163\174\373\116\016\133\214\145\164\140\047}{section.3.4}% 45
\BOOKMARK [1][-]{section.3.5}{\376\377\0003\000.\0005\000\040\147\054\172\340\134\017\176\323}{chapter.3}% 46
\BOOKMARK [0][-]{chapter.4}{\376\377\173\054\126\333\172\340\000\040\174\373\176\337\133\236\163\260}{}% 47
\BOOKMARK [1][-]{section.4.1}{\376\377\0004\000.\0001\000\040\137\000\123\321\163\257\130\203}{chapter.4}% 48
\BOOKMARK [1][-]{section.4.2}{\376\377\0004\000.\0002\000\040\150\070\137\303\152\041\127\127\133\236\163\260}{chapter.4}% 49
\BOOKMARK [2][-]{subsection.4.2.1}{\376\377\0004\000.\0002\000.\0001\000\040\230\171\166\356\173\241\164\006\152\041\127\127}{section.4.2}% 50
\BOOKMARK [2][-]{subsection.4.2.2}{\376\377\0004\000.\0002\000.\0002\000\040\150\067\147\054\173\241\164\006\152\041\127\127}{section.4.2}% 51
\BOOKMARK [2][-]{subsection.4.2.3}{\376\377\0004\000.\0002\000.\0003\000\040\152\041\127\213\213\255\176\303\152\041\127\127}{section.4.2}% 52
\BOOKMARK [2][-]{subsection.4.2.4}{\376\377\0004\000.\0002\000.\0004\000\040\177\072\226\167\150\300\155\113\152\041\127\127}{section.4.2}% 53
\BOOKMARK [1][-]{section.4.3}{\376\377\0004\000.\0003\000\040\143\245\123\343\116\016\121\166\116\326}{chapter.4}% 54
\BOOKMARK [2][-]{subsection.4.3.1}{\376\377\0004\000.\0003\000.\0001\000\040\000A\000P\000I\000\040\143\245\123\343}{section.4.3}% 55
\BOOKMARK [2][-]{subsection.4.3.2}{\376\377\0004\000.\0003\000.\0002\000\040\121\166\116\326}{section.4.3}% 56
\BOOKMARK [1][-]{section.4.4}{\376\377\0004\000.\0004\000\040\220\350\177\162}{chapter.4}% 57
\BOOKMARK [2][-]{subsection.4.4.1}{\376\377\0004\000.\0004\000.\0001\000\040\147\015\122\241\126\150\172\357\220\350\177\162}{section.4.4}% 58
\BOOKMARK [2][-]{subsection.4.4.2}{\376\377\0004\000.\0004\000.\0002\000\040\133\242\142\067\172\357\220\350\177\162}{section.4.4}% 59
\BOOKMARK [1][-]{section.4.5}{\376\377\0004\000.\0005\000\040\147\054\172\340\134\017\176\323}{chapter.4}% 60
\BOOKMARK [0][-]{chapter.5}{\376\377\173\054\116\224\172\340\000\040\133\236\232\214}{}% 61
\BOOKMARK [1][-]{section.5.1}{\376\377\0005\000.\0001\000\040\145\160\143\156\226\306}{chapter.5}% 62
\BOOKMARK [1][-]{section.5.2}{\376\377\0005\000.\0002\000\040\213\304\117\060\143\007\150\007}{chapter.5}% 63
\BOOKMARK [1][-]{section.5.3}{\376\377\0005\000.\0003\000\040\133\236\232\214\213\276\213\241}{chapter.5}% 64
\BOOKMARK [1][-]{section.5.4}{\376\377\0005\000.\0004\000\040\176\323\147\234\122\006\147\220}{chapter.5}% 65
\BOOKMARK [2][-]{subsection.5.4.1}{\376\377\0005\000.\0004\000.\0001\000\040\000S\000i\000m\000p\000l\000e\000N\000e\000t\000\040\137\002\136\070\150\300\155\113}{section.5.4}% 66
\BOOKMARK [2][-]{subsection.5.4.2}{\376\377\0005\000.\0004\000.\0002\000\040\000A\000n\000o\000m\000a\000l\000y\000G\000P\000T\000\040\217\205\122\251\122\006\147\220}{section.5.4}% 67
\BOOKMARK [1][-]{section.5.5}{\376\377\0005\000.\0005\000\040\147\054\172\340\134\017\176\323}{chapter.5}% 68
\BOOKMARK [0][-]{chapter.6}{\376\377\173\054\121\155\172\340\000\040\140\073\176\323\116\016\134\125\147\033}{}% 69
\BOOKMARK [1][-]{section.6.1}{\376\377\0006\000.\0001\000\040\135\345\117\134\140\073\176\323}{chapter.6}% 70
\BOOKMARK [1][-]{section.6.2}{\376\377\0006\000.\0002\000\040\147\052\147\145\134\125\147\033}{chapter.6}% 71
\BOOKMARK [0][-]{chapter*.56}{\376\377\201\364\214\042}{}% 72
